2013/04/15 13:48:22 Starting cygwin install, version 2.774
2013/04/15 13:48:22 User has backup/restore rights
2013/04/15 13:48:22 io_stream_cygfile: fopen(/etc/setup/setup.rc) failed 2 No such file or directory
2013/04/15 13:48:22 io_stream_cygfile: fopen(/etc/setup/last-cache) failed 2 No such file or directory
2013/04/15 13:48:22 io_stream_cygfile: fopen(/etc/setup/last-action) failed 2 No such file or directory
2013/04/15 13:48:22 io_stream_cygfile: fopen(/etc/setup/net-method) failed 2 No such file or directory
2013/04/15 13:48:22 io_stream_cygfile: fopen(/etc/setup/net-proxy-host) failed 2 No such file or directory
2013/04/15 13:48:22 io_stream_cygfile: fopen(/etc/setup/net-proxy-port) failed 2 No such file or directory
2013/04/15 13:48:22 io_stream_cygfile: fopen(/etc/setup/last-mirror) failed 2 No such file or directory
2013/04/15 13:48:22 io_stream_cygfile: fopen(/etc/setup/extrakeys) failed 2 No such file or directory
2013/04/15 13:48:22 io_stream_cygfile: fopen(/etc/setup/chooser_window_settings) failed 2 No such file or directory
2013/04/15 13:48:22 Current Directory: C:\Users\FINEP - 05\Desktop\Cygwin_Install
2013/04/15 13:48:22 Could not open service McShield for query, start and stop. McAfee may not be installed, or we don't have access.
2013/04/15 13:48:27 source: network install
2013/04/15 13:49:04 root: C:\cygwin binary system
2013/04/15 13:49:30 Selected local directory: C:\Users\FINEP - 05\Desktop\Cygwin_Install
2013/04/15 13:49:49 net: IE5
2013/04/15 13:49:49 io_stream_cygfile: fopen(/etc/setup/mirrors-lst) failed 2 No such file or directory
2013/04/15 13:50:08 Ending cygwin install
2013/04/15 13:50:17 Starting cygwin install, version 2.774
2013/04/15 13:50:17 User has backup/restore rights
2013/04/15 13:50:17 io_stream_cygfile: fopen(/etc/setup/setup.rc) failed 2 No such file or directory
2013/04/15 13:50:17 io_stream_cygfile: fopen(/etc/setup/last-cache) failed 2 No such file or directory
2013/04/15 13:50:17 io_stream_cygfile: fopen(/etc/setup/last-action) failed 2 No such file or directory
2013/04/15 13:50:17 io_stream_cygfile: fopen(/etc/setup/net-method) failed 2 No such file or directory
2013/04/15 13:50:17 io_stream_cygfile: fopen(/etc/setup/net-proxy-host) failed 2 No such file or directory
2013/04/15 13:50:17 io_stream_cygfile: fopen(/etc/setup/net-proxy-port) failed 2 No such file or directory
2013/04/15 13:50:17 io_stream_cygfile: fopen(/etc/setup/last-mirror) failed 2 No such file or directory
2013/04/15 13:50:17 io_stream_cygfile: fopen(/etc/setup/extrakeys) failed 2 No such file or directory
2013/04/15 13:50:17 io_stream_cygfile: fopen(/etc/setup/chooser_window_settings) failed 2 No such file or directory
2013/04/15 13:50:17 Current Directory: C:\Users\FINEP - 05\Desktop\Cygwin_Install
2013/04/15 13:50:17 Could not open service McShield for query, start and stop. McAfee may not be installed, or we don't have access.
2013/04/15 13:50:25 source: from cwd
2013/04/15 13:51:19 root: C:\cygwin binary system
2013/04/15 13:52:21 Selected local directory: C:\Users\FINEP - 05\Desktop\Cygwin_Install
2013/04/15 13:52:23 io_stream_cygfile: fopen(/etc/setup/installed.db) failed 2 No such file or directory
2013/04/15 13:52:28 io_stream_cygfile: fopen(/etc/setup/timestamp) failed 2 No such file or directory
2013/04/15 13:52:34 Warning, the default trust level for package  does not meet this specification libattr1
2013/04/15 13:52:34 Warning, the default trust level for package  does not meet this specification sed
2013/04/15 13:52:34 Warning, the default trust level for package  does not meet this specification man
2013/04/15 13:52:34 Warning, the default trust level for package  does not meet this specification zlib0
2013/04/15 13:55:37 Warning, the default trust level for package  does not meet this specification libattr1
2013/04/15 13:55:37 Warning, the default trust level for package  does not meet this specification sed
2013/04/15 13:55:37 Warning, the default trust level for package  does not meet this specification man
2013/04/15 13:55:37 Warning, the default trust level for package  does not meet this specification zlib0
2013/04/15 13:56:15 Extracting from file://C:\Users\FINEP - 05\Desktop\Cygwin_Install/http%3a%2f%2fcygwin.cybermirror.org%2f/release/_autorebase/_autorebase-000225-1.tar.bz2
2013/04/15 13:56:15 Extracting from file://C:\Users\FINEP - 05\Desktop\Cygwin_Install/http%3a%2f%2fcygwin.cybermirror.org%2f/release/_update-info-dir/_update-info-dir-01115-1.tar.bz2
2013/04/15 13:56:15 Extracting from file://C:\Users\FINEP - 05\Desktop\Cygwin_Install/http%3a%2f%2fcygwin.cybermirror.org%2f/release/alternatives/alternatives-1.3.30c-10.tar.bz2
2013/04/15 13:56:16 Extracting from file://C:\Users\FINEP - 05\Desktop\Cygwin_Install/http%3a%2f%2fcygwin.cybermirror.org%2f/release/base-cygwin/base-cygwin-3.1-1.tar.bz2
2013/04/15 13:56:16 Extracting from file://C:\Users\FINEP - 05\Desktop\Cygwin_Install/http%3a%2f%2fcygwin.cybermirror.org%2f/release/base-files/base-files-4.1-1.tar.bz2
2013/04/15 13:56:16 Extracting from file://C:\Users\FINEP - 05\Desktop\Cygwin_Install/http%3a%2f%2fcygwin.cybermirror.org%2f/release/bash/bash-4.1.10-4.tar.bz2
2013/04/15 13:56:17 Extracting from file://C:\Users\FINEP - 05\Desktop\Cygwin_Install/http%3a%2f%2fcygwin.cybermirror.org%2f/release/coreutils/coreutils-8.15-1.tar.bz2
2013/04/15 13:56:20 Extracting from file://C:\Users\FINEP - 05\Desktop\Cygwin_Install/http%3a%2f%2fcygwin.cybermirror.org%2f/release/cygutils/cygutils-1.4.10-2.tar.bz2
2013/04/15 13:56:21 Extracting from file://C:\Users\FINEP - 05\Desktop\Cygwin_Install/http%3a%2f%2fcygwin.cybermirror.org%2f/release/cygwin/cygwin-1.7.17-1.tar.bz2
2013/04/15 13:56:22 Extracting from file://C:\Users\FINEP - 05\Desktop\Cygwin_Install/http%3a%2f%2fcygwin.cybermirror.org%2f/release/cygwin-doc/cygwin-doc-1.7-1.tar.bz2
2013/04/15 13:56:25 Extracting from file://C:\Users\FINEP - 05\Desktop\Cygwin_Install/http%3a%2f%2fcygwin.cybermirror.org%2f/release/dash/dash-0.5.7-1.tar.bz2
2013/04/15 13:56:25 Extracting from file://C:\Users\FINEP - 05\Desktop\Cygwin_Install/http%3a%2f%2fcygwin.cybermirror.org%2f/release/dos2unix/dos2unix-6.0.3-1.tar.bz2
2013/04/15 13:56:25 Extracting from file://C:\Users\FINEP - 05\Desktop\Cygwin_Install/http%3a%2f%2fcygwin.cybermirror.org%2f/release/editrights/editrights-1.01-2.tar.bz2
2013/04/15 13:56:25 Extracting from file://C:\Users\FINEP - 05\Desktop\Cygwin_Install/http%3a%2f%2fcygwin.cybermirror.org%2f/release/file/file-5.11-1.tar.bz2
2013/04/15 13:56:26 Extracting from file://C:\Users\FINEP - 05\Desktop\Cygwin_Install/http%3a%2f%2fcygwin.cybermirror.org%2f/release/findutils/findutils-4.5.11-1.tar.bz2
2013/04/15 13:56:26 Extracting from file://C:\Users\FINEP - 05\Desktop\Cygwin_Install/http%3a%2f%2fcygwin.cybermirror.org%2f/release/gawk/gawk-4.0.2-1.tar.bz2
2013/04/15 13:56:27 Extracting from file://C:\Users\FINEP - 05\Desktop\Cygwin_Install/http%3a%2f%2fcygwin.cybermirror.org%2f/release/gettext/gettext-0.18.1.1-2.tar.bz2
2013/04/15 13:56:28 Extracting from file://C:\Users\FINEP - 05\Desktop\Cygwin_Install/http%3a%2f%2fcygwin.cybermirror.org%2f/release/grep/grep-2.6.3-1.tar.bz2
2013/04/15 13:56:28 Extracting from file://C:\Users\FINEP - 05\Desktop\Cygwin_Install/http%3a%2f%2fcygwin.cybermirror.org%2f/release/gzip/gzip-1.4-1.tar.bz2
2013/04/15 13:56:28 Extracting from file://C:\Users\FINEP - 05\Desktop\Cygwin_Install/http%3a%2f%2fcygwin.cybermirror.org%2f/release/ipc-utils/ipc-utils-1.0-1.tar.bz2
2013/04/15 13:56:28 Extracting from file://C:\Users\FINEP - 05\Desktop\Cygwin_Install/http%3a%2f%2fcygwin.cybermirror.org%2f/release/attr/libattr1/libattr1-2.4.43-1.tar.bz2
2013/04/15 13:56:28 Extracting from file://C:\Users\FINEP - 05\Desktop\Cygwin_Install/http%3a%2f%2fcygwin.cybermirror.org%2f/release/gmp/libgmp3/libgmp3-4.3.2-1.tar.bz2
2013/04/15 13:56:28 Extracting from file://C:\Users\FINEP - 05\Desktop\Cygwin_Install/http%3a%2f%2fcygwin.cybermirror.org%2f/release/libiconv/libiconv2/libiconv2-1.14-2.tar.bz2
2013/04/15 13:56:28 Extracting from file://C:\Users\FINEP - 05\Desktop\Cygwin_Install/http%3a%2f%2fcygwin.cybermirror.org%2f/release/gettext/libintl8/libintl8-0.18.1.1-2.tar.bz2
2013/04/15 13:56:28 Extracting from file://C:\Users\FINEP - 05\Desktop\Cygwin_Install/http%3a%2f%2fcygwin.cybermirror.org%2f/release/ncurses/libncurses10/libncurses10-5.7-18.tar.bz2
2013/04/15 13:56:28 Extracting from file://C:\Users\FINEP - 05\Desktop\Cygwin_Install/http%3a%2f%2fcygwin.cybermirror.org%2f/release/ncursesw/libncursesw10/libncursesw10-5.7-18.tar.bz2
2013/04/15 13:56:28 Extracting from file://C:\Users\FINEP - 05\Desktop\Cygwin_Install/http%3a%2f%2fcygwin.cybermirror.org%2f/release/login/login-1.10-10.tar.bz2
2013/04/15 13:56:28 Extracting from file://C:\Users\FINEP - 05\Desktop\Cygwin_Install/http%3a%2f%2fcygwin.cybermirror.org%2f/release/man/man-1.6f-1.tar.bz2
2013/04/15 13:56:29 Extracting from file://C:\Users\FINEP - 05\Desktop\Cygwin_Install/http%3a%2f%2fcygwin.cybermirror.org%2f/release/run/run-1.1.13-1.tar.bz2
2013/04/15 13:56:29 Extracting from file://C:\Users\FINEP - 05\Desktop\Cygwin_Install/http%3a%2f%2fcygwin.cybermirror.org%2f/release/sed/sed-4.2.1-1.tar.bz2
2013/04/15 13:56:29 Extracting from file://C:\Users\FINEP - 05\Desktop\Cygwin_Install/http%3a%2f%2fcygwin.cybermirror.org%2f/release/terminfo/terminfo-5.7_20091114-14.tar.bz2
2013/04/15 13:56:30 Extracting from file://C:\Users\FINEP - 05\Desktop\Cygwin_Install/http%3a%2f%2fcygwin.cybermirror.org%2f/release/texinfo/texinfo-4.13-4.tar.bz2
2013/04/15 13:56:31 Extracting from file://C:\Users\FINEP - 05\Desktop\Cygwin_Install/http%3a%2f%2fcygwin.cybermirror.org%2f/release/which/which-2.20-2.tar.bz2
2013/04/15 13:56:31 Extracting from file://C:\Users\FINEP - 05\Desktop\Cygwin_Install/http%3a%2f%2fcygwin.cybermirror.org%2f/release/zlib/zlib0/zlib0-1.2.5-1.tar.bz2
2013/04/15 13:56:31 Changing gid back to original
2013/04/15 13:56:31 running: C:\cygwin\bin\bash.exe --norc --noprofile "/etc/postinstall/000-cygwin-post-install.sh"
2013/04/15 13:56:31 abnormal exit: exit code=-1073741515
2013/04/15 13:56:31 running: cmd.exe /c "C:\cygwin\etc\postinstall\autorebase.bat"
2013/04/15 13:56:32 abnormal exit: exit code=127
2013/04/15 13:56:32 running: C:\cygwin\bin\bash.exe --norc --noprofile "/etc/postinstall/coreutils.sh"
2013/04/15 13:56:32 abnormal exit: exit code=-1073741515
2013/04/15 13:56:32 running: C:\cygwin\bin\bash.exe --norc --noprofile "/etc/postinstall/bash.sh"
2013/04/15 13:56:32 abnormal exit: exit code=-1073741515
2013/04/15 13:56:32 running: C:\cygwin\bin\bash.exe --norc --noprofile "/etc/postinstall/terminfo.sh"
2013/04/15 13:56:32 abnormal exit: exit code=-1073741515
2013/04/15 13:56:32 running: C:\cygwin\bin\bash.exe --norc --noprofile "/etc/postinstall/update-info-dir.sh"
2013/04/15 13:56:32 abnormal exit: exit code=-1073741515
2013/04/15 13:56:32 running: C:\cygwin\bin\bash.exe --norc --noprofile "/etc/postinstall/base-files-profile.sh"
2013/04/15 13:56:32 abnormal exit: exit code=-1073741515
2013/04/15 13:56:32 running: C:\cygwin\bin\bash.exe --norc --noprofile "/etc/postinstall/base-files-mketc.sh"
2013/04/15 13:56:32 abnormal exit: exit code=-1073741515
2013/04/15 13:56:32 running: C:\cygwin\bin\bash.exe --norc --noprofile "/etc/postinstall/cygutils.sh"
2013/04/15 13:56:32 abnormal exit: exit code=-1073741515
2013/04/15 13:56:32 running: C:\cygwin\bin\bash.exe --norc --noprofile "/etc/postinstall/man.sh"
2013/04/15 13:56:32 abnormal exit: exit code=-1073741515
2013/04/15 13:56:32 Changing gid to Administrators
2013/04/15 13:56:44 note: Installation Complete
2013/04/15 13:56:44 Ending cygwin install
2013/04/15 14:01:27 Starting cygwin install, version 2.774
2013/04/15 14:01:27 User has backup/restore rights
2013/04/15 14:01:27 io_stream_cygfile: fopen(/etc/setup/net-method) failed 2 No such file or directory
2013/04/15 14:01:27 io_stream_cygfile: fopen(/etc/setup/net-proxy-host) failed 2 No such file or directory
2013/04/15 14:01:27 io_stream_cygfile: fopen(/etc/setup/net-proxy-port) failed 2 No such file or directory
2013/04/15 14:01:27 io_stream_cygfile: fopen(/etc/setup/extrakeys) failed 2 No such file or directory
2013/04/15 14:01:27 Current Directory: C:\Users\FINEP - 05\Desktop\Cygwin_Install
2013/04/15 14:01:27 Could not open service McShield for query, start and stop. McAfee may not be installed, or we don't have access.
2013/04/15 14:01:30 source: network install
2013/04/15 14:01:34 root: C:\cygwin binary system
2013/04/15 14:01:38 Selected local directory: C:\Users\FINEP - 05\Desktop\Cygwin_Install
2013/04/15 14:02:16 net: Proxy
2013/04/15 14:02:16 io_stream_cygfile: fopen(/etc/setup/mirrors-lst) failed 2 No such file or directory
2013/04/15 14:02:21 Ending cygwin install
2013/04/15 14:02:24 Starting cygwin install, version 2.774
2013/04/15 14:02:24 User has backup/restore rights
2013/04/15 14:02:24 io_stream_cygfile: fopen(/etc/setup/net-method) failed 2 No such file or directory
2013/04/15 14:02:24 io_stream_cygfile: fopen(/etc/setup/net-proxy-host) failed 2 No such file or directory
2013/04/15 14:02:24 io_stream_cygfile: fopen(/etc/setup/net-proxy-port) failed 2 No such file or directory
2013/04/15 14:02:24 io_stream_cygfile: fopen(/etc/setup/extrakeys) failed 2 No such file or directory
2013/04/15 14:02:24 Current Directory: C:\Users\FINEP - 05\Desktop\Cygwin_Install
2013/04/15 14:02:24 Could not open service McShield for query, start and stop. McAfee may not be installed, or we don't have access.
2013/04/15 14:02:27 source: network install
2013/04/15 14:02:30 root: C:\cygwin binary system
2013/04/15 14:02:34 Selected local directory: C:\Users\FINEP - 05\Desktop\Cygwin_Install
2013/04/15 14:02:35 net: Direct
2013/04/15 14:02:35 io_stream_cygfile: fopen(/etc/setup/mirrors-lst) failed 2 No such file or directory
2013/04/15 14:03:22 Ending cygwin install
2013/04/15 14:03:26 Starting cygwin install, version 2.774
2013/04/15 14:03:26 User has backup/restore rights
2013/04/15 14:03:26 io_stream_cygfile: fopen(/etc/setup/net-proxy-host) failed 2 No such file or directory
2013/04/15 14:03:26 io_stream_cygfile: fopen(/etc/setup/net-proxy-port) failed 2 No such file or directory
2013/04/15 14:03:26 io_stream_cygfile: fopen(/etc/setup/extrakeys) failed 2 No such file or directory
2013/04/15 14:03:26 Current Directory: C:\Users\FINEP - 05\Desktop\Cygwin_Install
2013/04/15 14:03:26 Could not open service McShield for query, start and stop. McAfee may not be installed, or we don't have access.
2013/04/15 14:03:30 source: from cwd
2013/04/15 14:03:34 root: C:\cygwin binary system
2013/04/15 14:03:35 Selected local directory: C:\Users\FINEP - 05\Desktop\Cygwin_Install
2013/04/15 14:08:33 Running preremove script for  gettext
2013/04/15 14:08:33 Uninstalling gettext
2013/04/15 14:08:33 Extracting from file://C:\Users\FINEP - 05\Desktop\Cygwin_Install/http%3a%2f%2fcygwin.cybermirror.org%2f/release/gettext/gettext-0.18.1.1-2.tar.bz2
2013/04/15 14:08:34 Changing gid back to original
2013/04/15 14:08:34 running: C:\cygwin\bin\bash.exe --norc --noprofile "/etc/postinstall/000-cygwin-post-install.sh"
2013/04/15 14:08:40 abnormal exit: exit code=-1073741515
2013/04/15 14:08:40 running: cmd.exe /c "C:\cygwin\etc\postinstall\autorebase.bat"
2013/04/15 14:08:40 abnormal exit: exit code=127
2013/04/15 14:08:40 running: C:\cygwin\bin\bash.exe --norc --noprofile "/etc/postinstall/base-files-mketc.sh"
2013/04/15 14:08:41 abnormal exit: exit code=-1073741515
2013/04/15 14:08:41 running: C:\cygwin\bin\bash.exe --norc --noprofile "/etc/postinstall/base-files-profile.sh"
2013/04/15 14:08:42 abnormal exit: exit code=-1073741515
2013/04/15 14:08:42 running: C:\cygwin\bin\bash.exe --norc --noprofile "/etc/postinstall/bash.sh"
2013/04/15 14:08:42 abnormal exit: exit code=-1073741515
2013/04/15 14:08:42 running: C:\cygwin\bin\bash.exe --norc --noprofile "/etc/postinstall/coreutils.sh"
2013/04/15 14:08:42 abnormal exit: exit code=-1073741515
2013/04/15 14:08:42 running: C:\cygwin\bin\bash.exe --norc --noprofile "/etc/postinstall/cygutils.sh"
2013/04/15 14:08:42 abnormal exit: exit code=-1073741515
2013/04/15 14:08:42 running: C:\cygwin\bin\bash.exe --norc --noprofile "/etc/postinstall/man.sh"
2013/04/15 14:08:43 abnormal exit: exit code=-1073741515
2013/04/15 14:08:43 running: C:\cygwin\bin\bash.exe --norc --noprofile "/etc/postinstall/terminfo.sh"
2013/04/15 14:08:43 abnormal exit: exit code=-1073741515
2013/04/15 14:08:43 running: C:\cygwin\bin\bash.exe --norc --noprofile "/etc/postinstall/update-info-dir.sh"
2013/04/15 14:08:43 abnormal exit: exit code=-1073741515
2013/04/15 14:08:43 Changing gid to Administrators
2013/04/15 14:08:46 Running preremove script for  gettext
2013/04/15 14:08:46 Uninstalling gettext
2013/04/15 14:08:46 Extracting from file://C:\Users\FINEP - 05\Desktop\Cygwin_Install/http%3a%2f%2fcygwin.cybermirror.org%2f/release/gettext/gettext-0.18.1.1-2.tar.bz2
2013/04/15 14:08:47 Changing gid back to original
2013/04/15 14:08:47 running: C:\cygwin\bin\bash.exe --norc --noprofile "/etc/postinstall/000-cygwin-post-install.sh"
2013/04/15 14:08:48 abnormal exit: exit code=-1073741515
2013/04/15 14:08:48 running: cmd.exe /c "C:\cygwin\etc\postinstall\autorebase.bat"
2013/04/15 14:08:48 abnormal exit: exit code=127
2013/04/15 14:08:48 running: C:\cygwin\bin\bash.exe --norc --noprofile "/etc/postinstall/base-files-mketc.sh"
2013/04/15 14:08:48 abnormal exit: exit code=-1073741515
2013/04/15 14:08:48 running: C:\cygwin\bin\bash.exe --norc --noprofile "/etc/postinstall/base-files-profile.sh"
2013/04/15 14:08:48 abnormal exit: exit code=-1073741515
2013/04/15 14:08:48 running: C:\cygwin\bin\bash.exe --norc --noprofile "/etc/postinstall/bash.sh"
2013/04/15 14:08:49 abnormal exit: exit code=-1073741515
2013/04/15 14:08:49 running: C:\cygwin\bin\bash.exe --norc --noprofile "/etc/postinstall/coreutils.sh"
2013/04/15 14:08:49 abnormal exit: exit code=-1073741515
2013/04/15 14:08:49 running: C:\cygwin\bin\bash.exe --norc --noprofile "/etc/postinstall/cygutils.sh"
2013/04/15 14:08:49 abnormal exit: exit code=-1073741515
2013/04/15 14:08:49 running: C:\cygwin\bin\bash.exe --norc --noprofile "/etc/postinstall/man.sh"
2013/04/15 14:08:49 abnormal exit: exit code=-1073741515
2013/04/15 14:08:49 running: C:\cygwin\bin\bash.exe --norc --noprofile "/etc/postinstall/terminfo.sh"
2013/04/15 14:08:49 abnormal exit: exit code=-1073741515
2013/04/15 14:08:49 running: C:\cygwin\bin\bash.exe --norc --noprofile "/etc/postinstall/update-info-dir.sh"
2013/04/15 14:08:50 abnormal exit: exit code=-1073741515
2013/04/15 14:08:50 Changing gid to Administrators
2013/04/15 14:08:51 Running preremove script for  gettext
2013/04/15 14:08:51 Uninstalling gettext
2013/04/15 14:08:51 Extracting from file://C:\Users\FINEP - 05\Desktop\Cygwin_Install/http%3a%2f%2fcygwin.cybermirror.org%2f/release/gettext/gettext-0.18.1.1-2.tar.bz2
2013/04/15 14:08:52 Changing gid back to original
2013/04/15 14:08:52 running: C:\cygwin\bin\bash.exe --norc --noprofile "/etc/postinstall/000-cygwin-post-install.sh"
2013/04/15 14:08:53 abnormal exit: exit code=-1073741515
2013/04/15 14:08:53 running: cmd.exe /c "C:\cygwin\etc\postinstall\autorebase.bat"
2013/04/15 14:08:53 abnormal exit: exit code=127
2013/04/15 14:08:53 running: C:\cygwin\bin\bash.exe --norc --noprofile "/etc/postinstall/base-files-mketc.sh"
2013/04/15 14:08:53 abnormal exit: exit code=-1073741515
2013/04/15 14:08:53 running: C:\cygwin\bin\bash.exe --norc --noprofile "/etc/postinstall/base-files-profile.sh"
2013/04/15 14:08:53 abnormal exit: exit code=-1073741515
2013/04/15 14:08:53 running: C:\cygwin\bin\bash.exe --norc --noprofile "/etc/postinstall/bash.sh"
2013/04/15 14:08:53 abnormal exit: exit code=-1073741515
2013/04/15 14:08:54 running: C:\cygwin\bin\bash.exe --norc --noprofile "/etc/postinstall/coreutils.sh"
2013/04/15 14:08:54 abnormal exit: exit code=-1073741515
2013/04/15 14:08:54 running: C:\cygwin\bin\bash.exe --norc --noprofile "/etc/postinstall/cygutils.sh"
2013/04/15 14:08:54 abnormal exit: exit code=-1073741515
2013/04/15 14:08:54 running: C:\cygwin\bin\bash.exe --norc --noprofile "/etc/postinstall/man.sh"
2013/04/15 14:08:54 abnormal exit: exit code=-1073741515
2013/04/15 14:08:54 running: C:\cygwin\bin\bash.exe --norc --noprofile "/etc/postinstall/terminfo.sh"
2013/04/15 14:08:54 abnormal exit: exit code=-1073741515
2013/04/15 14:08:54 running: C:\cygwin\bin\bash.exe --norc --noprofile "/etc/postinstall/update-info-dir.sh"
2013/04/15 14:08:54 abnormal exit: exit code=-1073741515
2013/04/15 14:08:54 Changing gid to Administrators
2013/04/15 14:08:58 note: Installation Complete
2013/04/15 14:08:58 Ending cygwin install
2013/04/16 14:20:41 Starting cygwin install, version 2.573.2.3
2013/04/16 14:20:41 io_stream_cygfile: fopen(/etc/setup/last-action) failed 2 No such file or directory
2013/04/16 14:20:41 io_stream_cygfile: fopen(/etc/setup/last-mirror) failed 2 No such file or directory
2013/04/16 14:20:41 io_stream_cygfile: fopen(/etc/setup/last-connection) failed 2 No such file or directory
2013/04/16 14:20:41 io_stream_cygfile: fopen(/etc/setup/last-cache) failed 2 No such file or directory
2013/04/16 14:20:41 io_stream_cygfile: fopen(/etc/setup/last-extrakeys) failed 2 No such file or directory
2013/04/16 14:20:41 Current Directory: C:\Users\FINEP - 05\Desktop\Cygwin
2013/04/16 14:20:41 Changing gid to Users
2013/04/16 14:20:41 Could not open service McShield for query, start and stop. McAfee may not be installed, or we don't have access.
2013/04/16 14:20:42 Ending cygwin install
2013/04/16 14:20:53 Starting cygwin install, version 2.573.2.3
2013/04/16 14:20:53 Current Directory: C:\Users\FINEP - 05\Desktop\Cygwin
2013/04/16 14:20:53 Changing gid to Users
2013/04/16 14:20:53 Could not open service McShield for query, start and stop. McAfee may not be installed, or we don't have access.
2013/04/16 14:22:06 Ending cygwin install
2013/04/16 14:20:45 Starting cygwin install, version 2.573.2.3
2013/04/16 14:20:45 Current Directory: C:\Users\FINEP - 05\Desktop\Cygwin
2013/04/16 14:20:45 Changing gid to Users
2013/04/16 14:20:45 Could not open service McShield for query, start and stop. McAfee may not be installed, or we don't have access.
2013/04/16 14:20:58 source: from cwd
2013/04/16 14:21:00 root: C:\cygwin binary system
2013/04/16 14:21:03 Selected local directory: C:\Users\FINEP - 05\Desktop\Cygwin
2013/04/16 14:21:13 mbox yesno: This setup.ini is older than the one you used last time you installed cygwin.  Proceed anyway?
2013/04/16 14:21:15 mbox note: This setup is version 2.573.2.3, but setup.ini claims version 2.738 is available.
You might want to upgrade to get the latest features and bug fixes.
2013/04/16 14:21:51 Running preremove script for  base-cygwin
2013/04/16 14:21:51 Running preremove script for  base-files
2013/04/16 14:21:51 running: C:\cygwin\bin\bash.exe -c /etc/preremove/base-files.sh
2013/04/16 14:21:55 abnormal exit: exit code=-1073741515
2013/04/16 14:21:55 Running preremove script for  coreutils
2013/04/16 14:21:56 running: C:\cygwin\bin\bash.exe -c /etc/preremove/coreutils.sh
2013/04/16 14:21:57 abnormal exit: exit code=-1073741515
2013/04/16 14:21:57 Running preremove script for  cygutils
2013/04/16 14:21:57 Running preremove script for  cygwin
2013/04/16 14:21:57 Running preremove script for  cygwin-doc
2013/04/16 14:21:57 Running preremove script for  file
2013/04/16 14:21:57 Running preremove script for  findutils
2013/04/16 14:21:57 Running preremove script for  gawk
2013/04/16 14:21:57 Running preremove script for  gettext
2013/04/16 14:21:57 Running preremove script for  grep
2013/04/16 14:21:57 Running preremove script for  gzip
2013/04/16 14:21:57 Uninstalling base-cygwin
2013/04/16 14:21:57 Uninstalling base-files
2013/04/16 14:21:57 Uninstalling coreutils
2013/04/16 14:22:00 Uninstalling cygutils
2013/04/16 14:22:00 Uninstalling cygwin
2013/04/16 14:22:01 Uninstalling cygwin-doc
2013/04/16 14:22:05 Uninstalling file
2013/04/16 14:22:05 Uninstalling findutils
2013/04/16 14:22:06 Uninstalling gawk
2013/04/16 14:22:06 Uninstalling gettext
2013/04/16 14:22:08 Uninstalling grep
2013/04/16 14:22:09 Uninstalling gzip
2013/04/16 14:22:10 Installing file://C:\Users\FINEP - 05\Desktop\Cygwin/http%3a%2f%2fcygwin.cybermirror.org%2f/release/aalib/aalib-devel/aalib-devel-1.4rc5-10.tar.bz2
2013/04/16 14:22:12 Installing file://C:\Users\FINEP - 05\Desktop\Cygwin/http%3a%2f%2fcygwin.cybermirror.org%2f/release/asciidoc/asciidoc-8.6.3-1.tar.bz2
2013/04/16 14:22:13 Installing file://C:\Users\FINEP - 05\Desktop\Cygwin/http%3a%2f%2fcygwin.cybermirror.org%2f/release/ash/ash-20040127-5.tar.bz2
2013/04/16 14:22:13 Installing file://C:\Users\FINEP - 05\Desktop\Cygwin/http%3a%2f%2fcygwin.cybermirror.org%2f/release/astyle/astyle-2.02-1.tar.bz2
2013/04/16 14:22:13 Installing file://C:\Users\FINEP - 05\Desktop\Cygwin/http%3a%2f%2fcygwin.cybermirror.org%2f/release/autobuild/autobuild-5.3-1.tar.bz2
2013/04/16 14:22:13 Installing file://C:\Users\FINEP - 05\Desktop\Cygwin/http%3a%2f%2fcygwin.cybermirror.org%2f/release/autoconf/autoconf-10-1.tar.bz2
2013/04/16 14:22:13 Installing file://C:\Users\FINEP - 05\Desktop\Cygwin/http%3a%2f%2fcygwin.cybermirror.org%2f/release/autoconf/autoconf2.1/autoconf2.1-2.13-10.tar.bz2
2013/04/16 14:22:14 Installing file://C:\Users\FINEP - 05\Desktop\Cygwin/http%3a%2f%2fcygwin.cybermirror.org%2f/release/autoconf/autoconf2.5/autoconf2.5-2.68-1.tar.bz2
2013/04/16 14:22:15 Installing file://C:\Users\FINEP - 05\Desktop\Cygwin/http%3a%2f%2fcygwin.cybermirror.org%2f/release/automake/automake-4-10.tar.bz2
2013/04/16 14:22:15 Installing file://C:\Users\FINEP - 05\Desktop\Cygwin/http%3a%2f%2fcygwin.cybermirror.org%2f/release/automake/automake1.10/automake1.10-1.10.3-1.tar.bz2
2013/04/16 14:22:16 Installing file://C:\Users\FINEP - 05\Desktop\Cygwin/http%3a%2f%2fcygwin.cybermirror.org%2f/release/automake/automake1.11/automake1.11-1.11.1-1.tar.bz2
2013/04/16 14:22:18 Installing file://C:\Users\FINEP - 05\Desktop\Cygwin/http%3a%2f%2fcygwin.cybermirror.org%2f/release/automake/automake1.4/automake1.4-1.4p6-10.tar.bz2
2013/04/16 14:22:19 Installing file://C:\Users\FINEP - 05\Desktop\Cygwin/http%3a%2f%2fcygwin.cybermirror.org%2f/release/automake/automake1.5/automake1.5-1.5-10.tar.bz2
2013/04/16 14:22:21 Installing file://C:\Users\FINEP - 05\Desktop\Cygwin/http%3a%2f%2fcygwin.cybermirror.org%2f/release/automake/automake1.6/automake1.6-1.6.3-11.tar.bz2
2013/04/16 14:22:21 Installing file://C:\Users\FINEP - 05\Desktop\Cygwin/http%3a%2f%2fcygwin.cybermirror.org%2f/release/automake/automake1.7/automake1.7-1.7.9-10.tar.bz2
2013/04/16 14:22:30 Installing file://C:\Users\FINEP - 05\Desktop\Cygwin/http%3a%2f%2fcygwin.cybermirror.org%2f/release/automake/automake1.8/automake1.8-1.8.5-10.tar.bz2
2013/04/16 14:22:32 Installing file://C:\Users\FINEP - 05\Desktop\Cygwin/http%3a%2f%2fcygwin.cybermirror.org%2f/release/automake/automake1.9/automake1.9-1.9.6-10.tar.bz2
2013/04/16 14:22:34 Installing file://C:\Users\FINEP - 05\Desktop\Cygwin/http%3a%2f%2fcygwin.cybermirror.org%2f/release/base-cygwin/base-cygwin-3.0-1.tar.bz2
2013/04/16 14:22:34 Installing file://C:\Users\FINEP - 05\Desktop\Cygwin/http%3a%2f%2fcygwin.cybermirror.org%2f/release/base-files/base-files-4.0-6.tar.bz2
2013/04/16 14:22:34 Installing file://C:\Users\FINEP - 05\Desktop\Cygwin/http%3a%2f%2fcygwin.cybermirror.org%2f/release/base-passwd/base-passwd-3.1-2.tar.bz2
2013/04/16 14:22:34 Installing file://C:\Users\FINEP - 05\Desktop\Cygwin/ftp%3a%2f%2fcygwin.osuosl.org%2fpub%2fcygwin%2f/release/bash/bashdb/bashdb-3.1_0.09-1.tar.bz2
2013/04/16 14:22:35 Installing file://C:\Users\FINEP - 05\Desktop\Cygwin/http%3a%2f%2fcygwin.cybermirror.org%2f/release/binutils/binutils-2.22.51-1.tar.bz2
2013/04/16 14:22:38 Installing file://C:\Users\FINEP - 05\Desktop\Cygwin/
2013/04/16 14:22:38 Installing file://C:\Users\FINEP - 05\Desktop\Cygwin/http%3a%2f%2fcygwin.cybermirror.org%2f/release/coreutils/coreutils-8.10-1.tar.bz2
2013/04/16 14:22:41 Installing file://C:\Users\FINEP - 05\Desktop\Cygwin/ftp%3a%2f%2fcygwin.osuosl.org%2fpub%2fcygwin%2f/release/crypt/crypt-1.1-1.tar.bz2
2013/04/16 14:22:41 Installing file://C:\Users\FINEP - 05\Desktop\Cygwin/http%3a%2f%2fcygwin.cybermirror.org%2f/release/cygutils/cygutils-1.4.6-1.tar.bz2
2013/04/16 14:22:41 Installing file://C:\Users\FINEP - 05\Desktop\Cygwin/http%3a%2f%2fcygwin.cybermirror.org%2f/release/cygwin/cygwin-1.7.9-1.tar.bz2
2013/04/16 14:22:43 Installing file://C:\Users\FINEP - 05\Desktop\Cygwin/ftp%3a%2f%2fcygwin.osuosl.org%2fpub%2fcygwin%2f/release/cygwin-doc/cygwin-doc-1.4-4.tar.bz2
2013/04/16 14:22:45 Installing file://C:\Users\FINEP - 05\Desktop\Cygwin/ftp%3a%2f%2fcygwin.osuosl.org%2fpub%2fcygwin%2f/release/diffstat/diffstat-1.46-1.tar.bz2
2013/04/16 14:22:45 Installing file://C:\Users\FINEP - 05\Desktop\Cygwin/ftp%3a%2f%2fcygwin.osuosl.org%2fpub%2fcygwin%2f/release/e2fsprogs/e2fsprogs-1.35-3.tar.bz2
2013/04/16 14:22:46 Installing file://C:\Users\FINEP - 05\Desktop\Cygwin/http%3a%2f%2fcygwin.cybermirror.org%2f/release/ELFIO/ELFIO-1.0.2-1.tar.bz2
2013/04/16 14:22:46 Installing file://C:\Users\FINEP - 05\Desktop\Cygwin/ftp%3a%2f%2fcygwin.osuosl.org%2fpub%2fcygwin%2f/release/file/file-4.21-1.tar.bz2
2013/04/16 14:22:46 Installing file://C:\Users\FINEP - 05\Desktop\Cygwin/ftp%3a%2f%2fcygwin.osuosl.org%2fpub%2fcygwin%2f/release/findutils/findutils-4.4.0-3.tar.bz2
2013/04/16 14:22:47 Installing file://C:\Users\FINEP - 05\Desktop\Cygwin/ftp%3a%2f%2fcygwin.osuosl.org%2fpub%2fcygwin%2f/release/flex/flex-2.5.35-1.tar.bz2
2013/04/16 14:22:47 Installing file://C:\Users\FINEP - 05\Desktop\Cygwin/ftp%3a%2f%2fcygwin.osuosl.org%2fpub%2fcygwin%2f/release/gawk/gawk-3.1.6-1.tar.bz2
2013/04/16 14:22:48 Installing file://C:\Users\FINEP - 05\Desktop\Cygwin/ftp%3a%2f%2fcygwin.osuosl.org%2fpub%2fcygwin%2f/release/gcc/gcc-3.4.4-999.tar.bz2
2013/04/16 14:22:48 Installing file://C:\Users\FINEP - 05\Desktop\Cygwin/ftp%3a%2f%2fcygwin.osuosl.org%2fpub%2fcygwin%2f/release/gcc/gcc-core/gcc-core-3.4.4-999.tar.bz2
2013/04/16 14:22:49 Installing file://C:\Users\FINEP - 05\Desktop\Cygwin/ftp%3a%2f%2fcygwin.osuosl.org%2fpub%2fcygwin%2f/release/gcc/gcc-g++/gcc-g++-3.4.4-999.tar.bz2
2013/04/16 14:22:53 Installing file://C:\Users\FINEP - 05\Desktop\Cygwin/ftp%3a%2f%2fcygwin.osuosl.org%2fpub%2fcygwin%2f/release/gcc-mingw/gcc-mingw-core/gcc-mingw-core-20050522-1.tar.bz2
2013/04/16 14:22:53 Installing file://C:\Users\FINEP - 05\Desktop\Cygwin/ftp%3a%2f%2fcygwin.osuosl.org%2fpub%2fcygwin%2f/release/gcc-mingw/gcc-mingw-g++/gcc-mingw-g++-20050522-1.tar.bz2
2013/04/16 14:22:53 Installing file://C:\Users\FINEP - 05\Desktop\Cygwin/
2013/04/16 14:22:53 Installing file://C:\Users\FINEP - 05\Desktop\Cygwin/ftp%3a%2f%2fcygwin.osuosl.org%2fpub%2fcygwin%2f/release/gettext/gettext-0.17-4.tar.bz2
2013/04/16 14:22:53 Installing file://C:\Users\FINEP - 05\Desktop\Cygwin/ftp%3a%2f%2fcygwin.osuosl.org%2fpub%2fcygwin%2f/release/grep/grep-2.5.3-1.tar.bz2
2013/04/16 14:22:54 Installing file://C:\Users\FINEP - 05\Desktop\Cygwin/ftp%3a%2f%2fcygwin.osuosl.org%2fpub%2fcygwin%2f/release/guile/guile-1.8.2-1.tar.bz2
2013/04/16 14:22:54 Installing file://C:\Users\FINEP - 05\Desktop\Cygwin/ftp%3a%2f%2fcygwin.osuosl.org%2fpub%2fcygwin%2f/release/guile/guile-devel/guile-devel-1.8.2-1.tar.bz2
2013/04/16 14:22:55 Installing file://C:\Users\FINEP - 05\Desktop\Cygwin/ftp%3a%2f%2fcygwin.osuosl.org%2fpub%2fcygwin%2f/release/gzip/gzip-1.3.12-2.tar.bz2
2013/04/16 14:22:55 Installing file://C:\Users\FINEP - 05\Desktop\Cygwin/http%3a%2f%2fcygwin.cybermirror.org%2f/release/SWI-Prolog/SWI-Prolog-5.6.36-1.tar.bz2
2013/04/16 14:22:59 Installing file://C:\Users\FINEP - 05\Desktop\Cygwin/http%3a%2f%2fcygwin.cybermirror.org%2f/release/X11/XmHTML/XmHTML-devel/XmHTML-devel-1.1.7-10.tar.bz2
2013/04/16 14:22:59 Visited: 70 nodes out of 126.
2013/04/16 14:22:59 Dependency ordered install:
2013/04/16 14:22:59 base-cygwin
2013/04/16 14:22:59 cygwin
2013/04/16 14:22:59 libintl8
2013/04/16 14:22:59 libncursesw10
2013/04/16 14:22:59 _update-info-dir
2013/04/16 14:22:59 bash
2013/04/16 14:22:59 sed
2013/04/16 14:22:59 aalib-devel
2013/04/16 14:22:59 libiconv2
2013/04/16 14:22:59 alternatives
2013/04/16 14:22:59 asciidoc
2013/04/16 14:22:59 dash
2013/04/16 14:22:59 ash
2013/04/16 14:22:59 astyle
2013/04/16 14:22:59 gawk
2013/04/16 14:22:59 libattr1
2013/04/16 14:22:59 libgmp3
2013/04/16 14:22:59 coreutils
2013/04/16 14:22:59 texinfo
2013/04/16 14:22:59 autoconf2.1
2013/04/16 14:22:59 autoconf2.5
2013/04/16 14:22:59 autoconf
2013/04/16 14:22:59 automake1.4
2013/04/16 14:22:59 automake1.5
2013/04/16 14:22:59 automake1.6
2013/04/16 14:22:59 automake1.7
2013/04/16 14:22:59 automake1.8
2013/04/16 14:22:59 automake1.9
2013/04/16 14:22:59 automake1.10
2013/04/16 14:22:59 automake1.11
2013/04/16 14:22:59 automake
2013/04/16 14:22:59 autobuild
2013/04/16 14:22:59 findutils
2013/04/16 14:22:59 base-files
2013/04/16 14:22:59 base-passwd
2013/04/16 14:22:59 bashdb
2013/04/16 14:22:59 binutils
2013/04/16 14:22:59 boost
2013/04/16 14:22:59 crypt
2013/04/16 14:22:59 dos2unix
2013/04/16 14:22:59 cygutils
2013/04/16 14:22:59 man
2013/04/16 14:22:59 cygwin-doc
2013/04/16 14:22:59 diffstat
2013/04/16 14:22:59 e2fsprogs
2013/04/16 14:22:59 editrights
2013/04/16 14:22:59 ELFIO
2013/04/16 14:22:59 file
2013/04/16 14:22:59 flex
2013/04/16 14:22:59 gcc-mingw-core
2013/04/16 14:22:59 gcc-core
2013/04/16 14:22:59 gcc-mingw-g++
2013/04/16 14:22:59 gcc-g++
2013/04/16 14:22:59 gcc
2013/04/16 14:22:59 gcc-testsuite
2013/04/16 14:22:59 gettext
2013/04/16 14:22:59 grep
2013/04/16 14:22:59 guile
2013/04/16 14:22:59 guile-devel
2013/04/16 14:22:59 gzip
2013/04/16 14:22:59 ipc-utils
2013/04/16 14:22:59 libncurses10
2013/04/16 14:22:59 login
2013/04/16 14:22:59 run
2013/04/16 14:22:59 terminfo
2013/04/16 14:22:59 SWI-Prolog
2013/04/16 14:22:59 which
2013/04/16 14:22:59 XmHTML-devel
2013/04/16 14:22:59 zlib0
2013/04/16 14:22:59 _autorebase
2013/04/16 14:22:59 running: C:\cygwin\bin\bash.exe -c /etc/postinstall/000-cygwin-post-install.sh
2013/04/16 14:23:01 abnormal exit: exit code=-1073741515
2013/04/16 14:23:01 running: C:\cygwin\bin\bash.exe -c /etc/postinstall/coreutils.sh
2013/04/16 14:23:03 abnormal exit: exit code=-1073741515
2013/04/16 14:23:03 running: C:\cygwin\bin\bash.exe -c /etc/postinstall/autoconf2.5.sh
2013/04/16 14:23:04 abnormal exit: exit code=-1073741515
2013/04/16 14:23:04 running: C:\cygwin\bin\bash.exe -c /etc/postinstall/autoconf.sh
2013/04/16 14:23:05 abnormal exit: exit code=-1073741515
2013/04/16 14:23:05 running: C:\cygwin\bin\bash.exe -c /etc/postinstall/automake1.4.sh
2013/04/16 14:23:05 abnormal exit: exit code=-1073741515
2013/04/16 14:23:05 running: C:\cygwin\bin\bash.exe -c /etc/postinstall/automake1.5.sh
2013/04/16 14:23:06 abnormal exit: exit code=-1073741515
2013/04/16 14:23:06 running: C:\cygwin\bin\bash.exe -c /etc/postinstall/automake1.6.sh
2013/04/16 14:23:06 abnormal exit: exit code=-1073741515
2013/04/16 14:23:06 running: C:\cygwin\bin\bash.exe -c /etc/postinstall/automake1.7.sh
2013/04/16 14:23:06 abnormal exit: exit code=-1073741515
2013/04/16 14:23:06 running: C:\cygwin\bin\bash.exe -c /etc/postinstall/automake1.8.sh
2013/04/16 14:23:06 abnormal exit: exit code=-1073741515
2013/04/16 14:23:06 running: C:\cygwin\bin\bash.exe -c /etc/postinstall/automake1.9.sh
2013/04/16 14:23:12 abnormal exit: exit code=-1073741515
2013/04/16 14:23:12 running: C:\cygwin\bin\bash.exe -c /etc/postinstall/automake1.10.sh
2013/04/16 14:23:13 abnormal exit: exit code=-1073741515
2013/04/16 14:23:13 running: C:\cygwin\bin\bash.exe -c /etc/postinstall/automake1.11.sh
2013/04/16 14:23:13 abnormal exit: exit code=-1073741515
2013/04/16 14:23:13 running: C:\cygwin\bin\bash.exe -c /etc/postinstall/automake.sh
2013/04/16 14:23:14 abnormal exit: exit code=-1073741515
2013/04/16 14:23:14 running: C:\cygwin\bin\bash.exe -c /etc/postinstall/base-files-profile.sh
2013/04/16 14:23:14 abnormal exit: exit code=-1073741515
2013/04/16 14:23:14 running: C:\cygwin\bin\bash.exe -c /etc/postinstall/base-files-mketc.sh
2013/04/16 14:23:15 abnormal exit: exit code=-1073741515
2013/04/16 14:23:15 running: C:\cygwin\bin\bash.exe -c /etc/postinstall/bashdb.sh
2013/04/16 14:23:15 abnormal exit: exit code=-1073741515
2013/04/16 14:23:15 running: C:\cygwin\bin\bash.exe -c /etc/postinstall/cygwin-doc.sh
2013/04/16 14:23:16 abnormal exit: exit code=-1073741515
2013/04/16 14:23:16 running: C:\cygwin\bin\bash.exe -c /etc/postinstall/e2fsprogs.sh
2013/04/16 14:23:16 abnormal exit: exit code=-1073741515
2013/04/16 14:23:16 running: C:\cygwin\bin\bash.exe -c /etc/postinstall/gcc-mingw-core.sh
2013/04/16 14:23:16 abnormal exit: exit code=-1073741515
2013/04/16 14:23:16 running: C:\cygwin\bin\bash.exe -c /etc/postinstall/gcc.sh
2013/04/16 14:23:16 abnormal exit: exit code=-1073741515
2013/04/16 14:23:16 running: C:\cygwin\bin\bash.exe -c /etc/postinstall/gcc-mingw-g++.sh
2013/04/16 14:23:17 abnormal exit: exit code=-1073741515
2013/04/16 14:23:17 running: C:\cygwin\bin\bash.exe -c /etc/postinstall/gcc-g++.sh
2013/04/16 14:23:17 abnormal exit: exit code=-1073741515
2013/04/16 14:23:17 running: cmd.exe /c C:\cygwin\etc\postinstall\autorebase.bat
2013/04/16 14:23:17 abnormal exit: exit code=127
2013/04/16 14:23:17 running: C:\cygwin\bin\bash.exe -c /etc/postinstall/bash.sh
2013/04/16 14:23:18 abnormal exit: exit code=-1073741515
2013/04/16 14:23:18 running: C:\cygwin\bin\bash.exe -c /etc/postinstall/man.sh
2013/04/16 14:23:18 abnormal exit: exit code=-1073741515
2013/04/16 14:23:18 running: C:\cygwin\bin\bash.exe -c /etc/postinstall/terminfo.sh
2013/04/16 14:23:18 abnormal exit: exit code=-1073741515
2013/04/16 14:23:18 running: C:\cygwin\bin\bash.exe -c /etc/postinstall/update-info-dir.sh
2013/04/16 14:23:18 abnormal exit: exit code=-1073741515
2013/04/16 14:23:21 note: Installation Complete
2013/04/16 14:23:21 Ending cygwin install
2013/04/16 14:23:42 Starting cygwin install, version 2.573.2.3
2013/04/16 14:23:42 Current Directory: C:\Users\FINEP - 05\Desktop\Cygwin
2013/04/16 14:23:42 Changing gid to Users
2013/04/16 14:23:42 Could not open service McShield for query, start and stop. McAfee may not be installed, or we don't have access.
2013/04/16 14:23:45 source: from cwd
2013/04/16 14:23:46 root: C:\cygwin binary system
2013/04/16 14:23:47 Selected local directory: C:\Users\FINEP - 05\Desktop\Cygwin
2013/04/16 14:23:54 mbox note: This setup is version 2.573.2.3, but setup.ini claims version 2.738 is available.
You might want to upgrade to get the latest features and bug fixes.
2013/04/16 14:24:33 Selected local directory: C:\Users\FINEP - 05\Desktop\Cygwin
2013/04/16 14:24:37 Ending cygwin install
2013/04/16 14:24:40 Starting cygwin install, version 2.573.2.3
2013/04/16 14:24:40 Current Directory: C:\Users\FINEP - 05\Desktop\Cygwin
2013/04/16 14:24:40 Changing gid to Users
2013/04/16 14:24:40 Could not open service McShield for query, start and stop. McAfee may not be installed, or we don't have access.
2013/04/16 14:24:41 source: from cwd
2013/04/16 14:24:42 root: C:\cygwin binary system
2013/04/16 14:24:42 Selected local directory: C:\Users\FINEP - 05\Desktop\Cygwin
2013/04/16 14:24:50 mbox note: This setup is version 2.573.2.3, but setup.ini claims version 2.738 is available.
You might want to upgrade to get the latest features and bug fixes.
2013/04/16 14:26:03 Installing file://C:\Users\FINEP - 05\Desktop\Cygwin/
2013/04/16 14:26:03 Installing file://C:\Users\FINEP - 05\Desktop\Cygwin/
2013/04/16 14:26:03 Installing file://C:\Users\FINEP - 05\Desktop\Cygwin/ftp%3a%2f%2fcygwin.osuosl.org%2fpub%2fcygwin%2f/release/bash/bash-completion/bash-completion-20060301-2.tar.bz2
2013/04/16 14:26:03 Installing file://C:\Users\FINEP - 05\Desktop\Cygwin/ftp%3a%2f%2fcygwin.osuosl.org%2fpub%2fcygwin%2f/release/bc/bc-1.06-2.tar.bz2
2013/04/16 14:26:03 Installing file://C:\Users\FINEP - 05\Desktop\Cygwin/http%3a%2f%2fcygwin.cybermirror.org%2f/release/bzip2/bzip2-1.0.6-2.tar.bz2
2013/04/16 14:26:04 Installing file://C:\Users\FINEP - 05\Desktop\Cygwin/http%3a%2f%2fcygwin.cybermirror.org%2f/release/cpio/cpio-2.11-1.tar.bz2
2013/04/16 14:26:04 Installing file://C:\Users\FINEP - 05\Desktop\Cygwin/ftp%3a%2f%2fcygwin.osuosl.org%2fpub%2fcygwin%2f/release/diffutils/diffutils-2.8.7-1.tar.bz2
2013/04/16 14:26:04 Installing file://C:\Users\FINEP - 05\Desktop\Cygwin/ftp%3a%2f%2fcygwin.osuosl.org%2fpub%2fcygwin%2f/release/ed/ed-1.0-1.tar.bz2
2013/04/16 14:26:05 Installing file://C:\Users\FINEP - 05\Desktop\Cygwin/ftp%3a%2f%2fcygwin.osuosl.org%2fpub%2fcygwin%2f/release/expat/expat-2.0.1-1.tar.bz2
2013/04/16 14:26:05 Installing file://C:\Users\FINEP - 05\Desktop\Cygwin/ftp%3a%2f%2fcygwin.osuosl.org%2fpub%2fcygwin%2f/release/fontconfig/fontconfig-2.6.0-1.tar.bz2
2013/04/16 14:26:05 Installing file://C:\Users\FINEP - 05\Desktop\Cygwin/
2013/04/16 14:26:05 Installing file://C:\Users\FINEP - 05\Desktop\Cygwin/ftp%3a%2f%2fcygwin.osuosl.org%2fpub%2fcygwin%2f/release/ghostscript/ghostscript-8.63-2.tar.bz2
2013/04/16 14:26:11 Installing file://C:\Users\FINEP - 05\Desktop\Cygwin/ftp%3a%2f%2fcygwin.osuosl.org%2fpub%2fcygwin%2f/release/ghostscript/ghostscript-fonts-other/ghostscript-fonts-other-6.0-1.tar.bz2
2013/04/16 14:26:11 Installing file://C:\Users\FINEP - 05\Desktop\Cygwin/ftp%3a%2f%2fcygwin.osuosl.org%2fpub%2fcygwin%2f/release/ghostscript/ghostscript-fonts-std/ghostscript-fonts-std-8.11-1.tar.bz2
2013/04/16 14:26:12 Installing file://C:\Users\FINEP - 05\Desktop\Cygwin/ftp%3a%2f%2fcygwin.osuosl.org%2fpub%2fcygwin%2f/release/gmp/gmp-4.2.4-1.tar.bz2
2013/04/16 14:26:13 Installing file://C:\Users\FINEP - 05\Desktop\Cygwin/ftp%3a%2f%2fcygwin.osuosl.org%2fpub%2fcygwin%2f/release/groff/groff-1.19.2-2.tar.bz2
2013/04/16 14:26:16 Installing file://C:\Users\FINEP - 05\Desktop\Cygwin/ftp%3a%2f%2fcygwin.osuosl.org%2fpub%2fcygwin%2f/release/guile/guile-doc/guile-doc-1.8.2-1.tar.bz2
2013/04/16 14:26:16 Installing file://C:\Users\FINEP - 05\Desktop\Cygwin/ftp%3a%2f%2fcygwin.osuosl.org%2fpub%2fcygwin%2f/release/less/less-382-1.tar.bz2
2013/04/16 14:26:16 Installing file://C:\Users\FINEP - 05\Desktop\Cygwin/
2013/04/16 14:26:16 Installing file://C:\Users\FINEP - 05\Desktop\Cygwin/ftp%3a%2f%2fcygwin.osuosl.org%2fpub%2fcygwin%2f/release/bzip2/libbz2_1/libbz2_1-1.0.5-3.tar.bz2
2013/04/16 14:26:16 Installing file://C:\Users\FINEP - 05\Desktop\Cygwin/ftp%3a%2f%2fcygwin.osuosl.org%2fpub%2fcygwin%2f/release/X11/cairo/libcairo2/libcairo2-1.8.6-2.tar.bz2
2013/04/16 14:26:16 Installing file://C:\Users\FINEP - 05\Desktop\Cygwin/ftp%3a%2f%2fcygwin.osuosl.org%2fpub%2fcygwin%2f/release/db/db4.5/libdb4.5/libdb4.5-4.5.20.2-2.tar.bz2
2013/04/16 14:26:17 Installing file://C:\Users\FINEP - 05\Desktop\Cygwin/
2013/04/16 14:26:17 Installing file://C:\Users\FINEP - 05\Desktop\Cygwin/
2013/04/16 14:26:17 Installing file://C:\Users\FINEP - 05\Desktop\Cygwin/
2013/04/16 14:26:17 Installing file://C:\Users\FINEP - 05\Desktop\Cygwin/
2013/04/16 14:26:17 Installing file://C:\Users\FINEP - 05\Desktop\Cygwin/
2013/04/16 14:26:17 Installing file://C:\Users\FINEP - 05\Desktop\Cygwin/
2013/04/16 14:26:17 Installing file://C:\Users\FINEP - 05\Desktop\Cygwin/
2013/04/16 14:26:17 Installing file://C:\Users\FINEP - 05\Desktop\Cygwin/
2013/04/16 14:26:17 Installing file://C:\Users\FINEP - 05\Desktop\Cygwin/
2013/04/16 14:26:17 Installing file://C:\Users\FINEP - 05\Desktop\Cygwin/
2013/04/16 14:26:17 Installing file://C:\Users\FINEP - 05\Desktop\Cygwin/
2013/04/16 14:26:17 Installing file://C:\Users\FINEP - 05\Desktop\Cygwin/
2013/04/16 14:26:17 Installing file://C:\Users\FINEP - 05\Desktop\Cygwin/
2013/04/16 14:26:17 Installing file://C:\Users\FINEP - 05\Desktop\Cygwin/
2013/04/16 14:26:17 Installing file://C:\Users\FINEP - 05\Desktop\Cygwin/
2013/04/16 14:26:17 Installing file://C:\Users\FINEP - 05\Desktop\Cygwin/
2013/04/16 14:26:17 Installing file://C:\Users\FINEP - 05\Desktop\Cygwin/
2013/04/16 14:26:17 Installing file://C:\Users\FINEP - 05\Desktop\Cygwin/
2013/04/16 14:26:17 Installing file://C:\Users\FINEP - 05\Desktop\Cygwin/
2013/04/16 14:26:17 Installing file://C:\Users\FINEP - 05\Desktop\Cygwin/
2013/04/16 14:26:17 Installing file://C:\Users\FINEP - 05\Desktop\Cygwin/
2013/04/16 14:26:17 Installing file://C:\Users\FINEP - 05\Desktop\Cygwin/
2013/04/16 14:26:17 Installing file://C:\Users\FINEP - 05\Desktop\Cygwin/
2013/04/16 14:26:17 Installing file://C:\Users\FINEP - 05\Desktop\Cygwin/
2013/04/16 14:26:17 Installing file://C:\Users\FINEP - 05\Desktop\Cygwin/
2013/04/16 14:26:17 Installing file://C:\Users\FINEP - 05\Desktop\Cygwin/
2013/04/16 14:26:17 Installing file://C:\Users\FINEP - 05\Desktop\Cygwin/
2013/04/16 14:26:17 Installing file://C:\Users\FINEP - 05\Desktop\Cygwin/
2013/04/16 14:26:17 Installing file://C:\Users\FINEP - 05\Desktop\Cygwin/
2013/04/16 14:26:17 Installing file://C:\Users\FINEP - 05\Desktop\Cygwin/
2013/04/16 14:26:17 Installing file://C:\Users\FINEP - 05\Desktop\Cygwin/
2013/04/16 14:26:17 Installing file://C:\Users\FINEP - 05\Desktop\Cygwin/
2013/04/16 14:26:17 Visited: 124 nodes out of 126.
2013/04/16 14:26:17 Dependency ordered install:
2013/04/16 14:26:17 base-cygwin
2013/04/16 14:26:17 cygwin
2013/04/16 14:26:17 libintl8
2013/04/16 14:26:17 libncursesw10
2013/04/16 14:26:17 _update-info-dir
2013/04/16 14:26:17 bash
2013/04/16 14:26:17 sed
2013/04/16 14:26:17 aalib-devel
2013/04/16 14:26:17 libiconv2
2013/04/16 14:26:17 alternatives
2013/04/16 14:26:17 arpack
2013/04/16 14:26:17 asciidoc
2013/04/16 14:26:17 dash
2013/04/16 14:26:17 ash
2013/04/16 14:26:17 astyle
2013/04/16 14:26:17 atk1.0
2013/04/16 14:26:17 gawk
2013/04/16 14:26:17 libattr1
2013/04/16 14:26:17 libgmp3
2013/04/16 14:26:17 coreutils
2013/04/16 14:26:17 texinfo
2013/04/16 14:26:17 autoconf2.1
2013/04/16 14:26:17 autoconf2.5
2013/04/16 14:26:17 autoconf
2013/04/16 14:26:17 automake1.4
2013/04/16 14:26:17 automake1.5
2013/04/16 14:26:17 automake1.6
2013/04/16 14:26:17 automake1.7
2013/04/16 14:26:17 automake1.8
2013/04/16 14:26:17 automake1.9
2013/04/16 14:26:17 automake1.10
2013/04/16 14:26:17 automake1.11
2013/04/16 14:26:17 automake
2013/04/16 14:26:17 autobuild
2013/04/16 14:26:17 findutils
2013/04/16 14:26:17 base-files
2013/04/16 14:26:17 base-passwd
2013/04/16 14:26:17 bash-completion
2013/04/16 14:26:17 bashdb
2013/04/16 14:26:17 bc
2013/04/16 14:26:17 binutils
2013/04/16 14:26:17 boost
2013/04/16 14:26:17 libbz2_1
2013/04/16 14:26:17 bzip2
2013/04/16 14:26:17 cpio
2013/04/16 14:26:17 crypt
2013/04/16 14:26:17 dos2unix
2013/04/16 14:26:17 cygutils
2013/04/16 14:26:17 man
2013/04/16 14:26:17 cygwin-doc
2013/04/16 14:26:17 diffstat
2013/04/16 14:26:17 diffutils
2013/04/16 14:26:17 e2fsprogs
2013/04/16 14:26:17 ed
2013/04/16 14:26:17 editrights
2013/04/16 14:26:17 ELFIO
2013/04/16 14:26:17 expat
2013/04/16 14:26:17 file
2013/04/16 14:26:17 flex
2013/04/16 14:26:17 fontconfig
2013/04/16 14:26:17 freetype2
2013/04/16 14:26:17 gcc-mingw-core
2013/04/16 14:26:17 gcc-core
2013/04/16 14:26:17 gcc-mingw-g++
2013/04/16 14:26:17 gcc-g++
2013/04/16 14:26:17 gcc
2013/04/16 14:26:17 gcc-testsuite
2013/04/16 14:26:17 gettext
2013/04/16 14:26:17 ghostscript-fonts-other
2013/04/16 14:26:17 ghostscript-fonts-std
2013/04/16 14:26:17 which
2013/04/16 14:26:17 ghostscript
2013/04/16 14:26:17 gmp
2013/04/16 14:26:17 grep
2013/04/16 14:26:17 groff
2013/04/16 14:26:17 guile
2013/04/16 14:26:17 guile-devel
2013/04/16 14:26:17 guile-doc
2013/04/16 14:26:17 gzip
2013/04/16 14:26:17 ipc-utils
2013/04/16 14:26:17 less
2013/04/16 14:26:17 libart_lgpl_2
2013/04/16 14:26:17 libcairo2
2013/04/16 14:26:17 libdb4.5
2013/04/16 14:26:17 libfontenc
2013/04/16 14:26:17 libICE
2013/04/16 14:26:17 libncurses10
2013/04/16 14:26:17 libSM
2013/04/16 14:26:17 libWindowsWM
2013/04/16 14:26:17 libX11
2013/04/16 14:26:17 libXau
2013/04/16 14:26:17 libXaw
2013/04/16 14:26:17 libxcb
2013/04/16 14:26:17 libXcomposite
2013/04/16 14:26:17 libXcursor
2013/04/16 14:26:17 libXdamage
2013/04/16 14:26:17 libXdmcp
2013/04/16 14:26:17 libXevie
2013/04/16 14:26:17 libXext
2013/04/16 14:26:17 libXfixes
2013/04/16 14:26:17 libXfont
2013/04/16 14:26:17 libXft
2013/04/16 14:26:17 libXi
2013/04/16 14:26:17 libXinerama
2013/04/16 14:26:17 libxkbfile
2013/04/16 14:26:17 libXmu
2013/04/16 14:26:17 libXpm
2013/04/16 14:26:17 libXrandr
2013/04/16 14:26:17 libXrender
2013/04/16 14:26:17 libXres
2013/04/16 14:26:17 libXScrnSaver
2013/04/16 14:26:17 libXt
2013/04/16 14:26:17 libXtst
2013/04/16 14:26:17 login
2013/04/16 14:26:17 pixman
2013/04/16 14:26:17 run
2013/04/16 14:26:17 serf
2013/04/16 14:26:17 terminfo
2013/04/16 14:26:17 SWI-Prolog
2013/04/16 14:26:17 Xaw3d
2013/04/16 14:26:17 xcb-util
2013/04/16 14:26:17 XmHTML-devel
2013/04/16 14:26:17 zlib0
2013/04/16 14:26:17 _autorebase
2013/04/16 14:26:17 running: C:\cygwin\bin\bash.exe -c /etc/postinstall/fontconfig.sh
2013/04/16 14:28:09 abnormal exit: exit code=-1073741515
2013/04/16 14:28:14 note: Installation Complete
2013/04/16 14:28:14 Ending cygwin install
2013/04/16 14:30:15 Starting cygwin install, version 2.573.2.3
2013/04/16 14:30:15 Current Directory: C:\Users\FINEP - 05\Desktop\Cygwin
2013/04/16 14:30:15 Changing gid to Users
2013/04/16 14:30:15 Could not open service McShield for query, start and stop. McAfee may not be installed, or we don't have access.
2013/04/16 14:30:18 source: from cwd
2013/04/16 14:30:20 root: C:\cygwin binary system
2013/04/16 14:30:35 Selected local directory: C:\Users\FINEP - 05\Desktop\Cygwin\CygwinPackages
2013/04/16 14:30:38 mbox yesno: This setup.ini is older than the one you used last time you installed cygwin.  Proceed anyway?
2013/04/16 14:30:43 Warning, the default trust level for package  does not meet this specification util-linux
2013/04/16 14:31:05 Running preremove script for  alternatives
2013/04/16 14:31:05 Running preremove script for  ash
2013/04/16 14:31:05 Running preremove script for  autoconf
2013/04/16 14:31:05 running: C:\cygwin\bin\bash.exe -c /etc/preremove/autoconf.sh
2013/04/16 14:31:05 abnormal exit: exit code=-1073741515
2013/04/16 14:31:05 Running preremove script for  autoconf2.1
2013/04/16 14:31:05 Running preremove script for  autoconf2.5
2013/04/16 14:31:05 running: C:\cygwin\bin\bash.exe -c /etc/preremove/autoconf2.5.sh
2013/04/16 14:31:05 abnormal exit: exit code=-1073741515
2013/04/16 14:31:05 Running preremove script for  automake
2013/04/16 14:31:05 running: C:\cygwin\bin\bash.exe -c /etc/preremove/automake.sh
2013/04/16 14:31:05 abnormal exit: exit code=-1073741515
2013/04/16 14:31:05 Running preremove script for  automake1.10
2013/04/16 14:31:05 running: C:\cygwin\bin\bash.exe -c /etc/preremove/automake1.10.sh
2013/04/16 14:31:05 abnormal exit: exit code=-1073741515
2013/04/16 14:31:05 Running preremove script for  automake1.11
2013/04/16 14:31:05 running: C:\cygwin\bin\bash.exe -c /etc/preremove/automake1.11.sh
2013/04/16 14:31:05 abnormal exit: exit code=-1073741515
2013/04/16 14:31:05 Running preremove script for  automake1.4
2013/04/16 14:31:05 running: C:\cygwin\bin\bash.exe -c /etc/preremove/automake1.4.sh
2013/04/16 14:31:05 abnormal exit: exit code=-1073741515
2013/04/16 14:31:05 Running preremove script for  automake1.5
2013/04/16 14:31:05 running: C:\cygwin\bin\bash.exe -c /etc/preremove/automake1.5.sh
2013/04/16 14:31:05 abnormal exit: exit code=-1073741515
2013/04/16 14:31:05 Running preremove script for  automake1.6
2013/04/16 14:31:05 running: C:\cygwin\bin\bash.exe -c /etc/preremove/automake1.6.sh
2013/04/16 14:31:05 abnormal exit: exit code=-1073741515
2013/04/16 14:31:05 Running preremove script for  automake1.7
2013/04/16 14:31:05 running: C:\cygwin\bin\bash.exe -c /etc/preremove/automake1.7.sh
2013/04/16 14:31:05 abnormal exit: exit code=-1073741515
2013/04/16 14:31:05 Running preremove script for  automake1.8
2013/04/16 14:31:05 running: C:\cygwin\bin\bash.exe -c /etc/preremove/automake1.8.sh
2013/04/16 14:31:05 abnormal exit: exit code=-1073741515
2013/04/16 14:31:05 Running preremove script for  automake1.9
2013/04/16 14:31:05 running: C:\cygwin\bin\bash.exe -c /etc/preremove/automake1.9.sh
2013/04/16 14:31:05 abnormal exit: exit code=-1073741515
2013/04/16 14:31:05 Running preremove script for  base-files
2013/04/16 14:31:05 running: C:\cygwin\bin\bash.exe -c /etc/preremove/base-files.sh
2013/04/16 14:31:05 abnormal exit: exit code=-1073741515
2013/04/16 14:31:05 Running preremove script for  base-passwd
2013/04/16 14:31:05 Running preremove script for  bash
2013/04/16 14:31:05 Running preremove script for  binutils
2013/04/16 14:31:05 Running preremove script for  bzip2
2013/04/16 14:31:05 Running preremove script for  coreutils
2013/04/16 14:31:05 running: C:\cygwin\bin\bash.exe -c /etc/preremove/coreutils.sh
2013/04/16 14:31:05 abnormal exit: exit code=-1073741515
2013/04/16 14:31:05 Running preremove script for  cpio
2013/04/16 14:31:05 Running preremove script for  cygutils
2013/04/16 14:31:05 Running preremove script for  cygwin
2013/04/16 14:31:05 Running preremove script for  libgmp3
2013/04/16 14:31:05 Running preremove script for  libiconv2
2013/04/16 14:31:05 Running preremove script for  libintl8
2013/04/16 14:31:05 Running preremove script for  login
2013/04/16 14:31:05 Running preremove script for  man
2013/04/16 14:31:05 running: C:\cygwin\bin\bash.exe -c /etc/preremove/man.sh
2013/04/16 14:31:05 abnormal exit: exit code=-1073741515
2013/04/16 14:31:05 Running preremove script for  run
2013/04/16 14:31:05 Running preremove script for  sed
2013/04/16 14:31:05 Running preremove script for  terminfo
2013/04/16 14:31:05 Running preremove script for  texinfo
2013/04/16 14:31:05 Running preremove script for  which
2013/04/16 14:31:05 Running preremove script for  zlib0
2013/04/16 14:31:05 Running preremove script for  _update-info-dir
2013/04/16 14:31:05 Uninstalling alternatives
2013/04/16 14:31:06 Uninstalling ash
2013/04/16 14:31:06 io_stream_cygfile: fopen(/etc/setup/ash.lst.gz) failed 2 No such file or directory
2013/04/16 14:31:06 Uninstalling autoconf
2013/04/16 14:31:06 Uninstalling autoconf2.1
2013/04/16 14:31:06 Uninstalling autoconf2.5
2013/04/16 14:31:07 Uninstalling automake
2013/04/16 14:31:07 Uninstalling automake1.10
2013/04/16 14:31:07 Uninstalling automake1.11
2013/04/16 14:31:07 Uninstalling automake1.4
2013/04/16 14:31:07 Uninstalling automake1.5
2013/04/16 14:31:08 Uninstalling automake1.6
2013/04/16 14:31:08 Uninstalling automake1.7
2013/04/16 14:31:09 Uninstalling automake1.8
2013/04/16 14:31:10 Uninstalling automake1.9
2013/04/16 14:31:10 Uninstalling base-files
2013/04/16 14:31:10 Uninstalling base-passwd
2013/04/16 14:31:10 io_stream_cygfile: fopen(/etc/setup/base-passwd.lst.gz) failed 2 No such file or directory
2013/04/16 14:31:10 Uninstalling bash
2013/04/16 14:31:11 Uninstalling binutils
2013/04/16 14:31:12 Uninstalling bzip2
2013/04/16 14:31:12 Uninstalling coreutils
2013/04/16 14:31:12 Uninstalling cpio
2013/04/16 14:31:12 Uninstalling cygutils
2013/04/16 14:31:13 Uninstalling cygwin
2013/04/16 14:31:13 Uninstalling libgmp3
2013/04/16 14:31:13 Uninstalling libiconv2
2013/04/16 14:31:13 Uninstalling libintl8
2013/04/16 14:31:13 Uninstalling login
2013/04/16 14:31:13 Uninstalling man
2013/04/16 14:31:15 Uninstalling run
2013/04/16 14:31:15 Uninstalling sed
2013/04/16 14:31:15 Uninstalling terminfo
2013/04/16 14:31:15 Uninstalling texinfo
2013/04/16 14:31:16 Uninstalling which
2013/04/16 14:31:16 Uninstalling zlib0
2013/04/16 14:31:16 Uninstalling _update-info-dir
2013/04/16 14:31:16 Installing file://C:\Users\FINEP - 05\Desktop\Cygwin\CygwinPackages/ftp%3a%2f%2fmirrors.kernel.org%2fsourceware%2fcygwin%2f/release/alternatives/alternatives-1.3.30c-3.tar.bz2
2013/04/16 14:31:16 Installing file://C:\Users\FINEP - 05\Desktop\Cygwin\CygwinPackages/ftp%3a%2f%2fmirrors.kernel.org%2fsourceware%2fcygwin%2f/release/ash/ash-20040127-4.tar.bz2
2013/04/16 14:31:16 Installing file://C:\Users\FINEP - 05\Desktop\Cygwin\CygwinPackages/ftp%3a%2f%2fmirrors.kernel.org%2fsourceware%2fcygwin%2f/release/autoconf/autoconf-7-1.tar.bz2
2013/04/16 14:31:16 Installing file://C:\Users\FINEP - 05\Desktop\Cygwin\CygwinPackages/ftp%3a%2f%2fmirrors.kernel.org%2fsourceware%2fcygwin%2f/release/autoconf/autoconf2.1/autoconf2.1-2.13-5.tar.bz2
2013/04/16 14:31:16 Installing file://C:\Users\FINEP - 05\Desktop\Cygwin\CygwinPackages/ftp%3a%2f%2fmirrors.kernel.org%2fsourceware%2fcygwin%2f/release/autoconf/autoconf2.5/autoconf2.5-2.64-1.tar.bz2
2013/04/16 14:31:17 Installing file://C:\Users\FINEP - 05\Desktop\Cygwin\CygwinPackages/ftp%3a%2f%2fmirrors.kernel.org%2fsourceware%2fcygwin%2f/release/automake/automake-4-1.tar.bz2
2013/04/16 14:31:17 Installing file://C:\Users\FINEP - 05\Desktop\Cygwin\CygwinPackages/ftp%3a%2f%2fmirrors.kernel.org%2fsourceware%2fcygwin%2f/release/automake/automake1.10/automake1.10-1.10.2-1.tar.bz2
2013/04/16 14:31:18 Installing file://C:\Users\FINEP - 05\Desktop\Cygwin\CygwinPackages/ftp%3a%2f%2fmirrors.kernel.org%2fsourceware%2fcygwin%2f/release/automake/automake1.11/automake1.11-1.11-1.tar.bz2
2013/04/16 14:31:19 Installing file://C:\Users\FINEP - 05\Desktop\Cygwin\CygwinPackages/ftp%3a%2f%2fmirrors.kernel.org%2fsourceware%2fcygwin%2f/release/automake/automake1.4/automake1.4-1.4p6-5.tar.bz2
2013/04/16 14:31:20 Installing file://C:\Users\FINEP - 05\Desktop\Cygwin\CygwinPackages/ftp%3a%2f%2fmirrors.kernel.org%2fsourceware%2fcygwin%2f/release/automake/automake1.5/automake1.5-1.5-3.tar.bz2
2013/04/16 14:31:21 Installing file://C:\Users\FINEP - 05\Desktop\Cygwin\CygwinPackages/ftp%3a%2f%2fmirrors.kernel.org%2fsourceware%2fcygwin%2f/release/automake/automake1.6/automake1.6-1.6.3-5.tar.bz2
2013/04/16 14:31:21 Installing file://C:\Users\FINEP - 05\Desktop\Cygwin\CygwinPackages/ftp%3a%2f%2fmirrors.kernel.org%2fsourceware%2fcygwin%2f/release/automake/automake1.7/automake1.7-1.7.9-4.tar.bz2
2013/04/16 14:31:22 Installing file://C:\Users\FINEP - 05\Desktop\Cygwin\CygwinPackages/ftp%3a%2f%2fmirrors.kernel.org%2fsourceware%2fcygwin%2f/release/automake/automake1.8/automake1.8-1.8.5-4.tar.bz2
2013/04/16 14:31:23 Installing file://C:\Users\FINEP - 05\Desktop\Cygwin\CygwinPackages/ftp%3a%2f%2fmirrors.kernel.org%2fsourceware%2fcygwin%2f/release/automake/automake1.9/automake1.9-1.9.6-3.tar.bz2
2013/04/16 14:31:24 Installing file://C:\Users\FINEP - 05\Desktop\Cygwin\CygwinPackages/ftp%3a%2f%2fmirrors.kernel.org%2fsourceware%2fcygwin%2f/release/base-files/base-files-3.7-1.tar.bz2
2013/04/16 14:31:24 Installing file://C:\Users\FINEP - 05\Desktop\Cygwin\CygwinPackages/ftp%3a%2f%2fmirrors.kernel.org%2fsourceware%2fcygwin%2f/release/base-passwd/base-passwd-2.2-1.tar.bz2
2013/04/16 14:31:24 Installing file://C:\Users\FINEP - 05\Desktop\Cygwin\CygwinPackages/ftp%3a%2f%2fmirrors.kernel.org%2fsourceware%2fcygwin%2f/release/bash/bash-3.2.49-22.tar.bz2
2013/04/16 14:31:24 Installing file://C:\Users\FINEP - 05\Desktop\Cygwin\CygwinPackages/ftp%3a%2f%2fmirrors.kernel.org%2fsourceware%2fcygwin%2f/release/binutils/binutils-20080624-2.tar.bz2
2013/04/16 14:31:27 Installing file://C:\Users\FINEP - 05\Desktop\Cygwin\CygwinPackages/ftp%3a%2f%2fmirrors.kernel.org%2fsourceware%2fcygwin%2f/release/bzip2/bzip2-1.0.5-3.tar.bz2
2013/04/16 14:31:27 Installing file://C:\Users\FINEP - 05\Desktop\Cygwin\CygwinPackages/ftp%3a%2f%2fmirrors.kernel.org%2fsourceware%2fcygwin%2f/release/coreutils/coreutils-6.10-2.tar.bz2
2013/04/16 14:31:31 Installing file://C:\Users\FINEP - 05\Desktop\Cygwin\CygwinPackages/ftp%3a%2f%2fmirrors.kernel.org%2fsourceware%2fcygwin%2f/release/cpio/cpio-2.9-1.tar.bz2
2013/04/16 14:31:32 Installing file://C:\Users\FINEP - 05\Desktop\Cygwin\CygwinPackages/ftp%3a%2f%2fmirrors.kernel.org%2fsourceware%2fcygwin%2f/release/cygutils/cygutils-1.3.4-1.tar.bz2
2013/04/16 14:31:32 Installing file://C:\Users\FINEP - 05\Desktop\Cygwin\CygwinPackages/ftp%3a%2f%2fmirrors.kernel.org%2fsourceware%2fcygwin%2f/release/cygwin/cygwin-1.5.25-15.tar.bz2
2013/04/16 14:31:33 Installing file://C:\Users\FINEP - 05\Desktop\Cygwin\CygwinPackages/http%3a%2f%2fmirrors.uol.com.br%2fpub%2fcygwin%2f/release/dejagnu/dejagnu-20021217-2.tar.bz2
2013/04/16 14:31:33 Installing file://C:\Users\FINEP - 05\Desktop\Cygwin\CygwinPackages/http%3a%2f%2fmirrors.uol.com.br%2fpub%2fcygwin%2f/release/expect/expect-20030128-1.tar.bz2
2013/04/16 14:31:34 Installing file://C:\Users\FINEP - 05\Desktop\Cygwin\CygwinPackages/http%3a%2f%2fmirrors.uol.com.br%2fpub%2fcygwin%2f/release/gcc-mingw/gcc-mingw-20040810-1.tar.bz2
2013/04/16 14:31:34 Installing file://C:\Users\FINEP - 05\Desktop\Cygwin\CygwinPackages/ftp%3a%2f%2fmirrors.kernel.org%2fsourceware%2fcygwin%2f/release/expat/libexpat1/libexpat1-2.0.1-1.tar.bz2
2013/04/16 14:31:34 Installing file://C:\Users\FINEP - 05\Desktop\Cygwin\CygwinPackages/ftp%3a%2f%2fmirrors.kernel.org%2fsourceware%2fcygwin%2f/release/expat/libexpat1-devel/libexpat1-devel-2.0.1-1.tar.bz2
2013/04/16 14:31:34 Installing file://C:\Users\FINEP - 05\Desktop\Cygwin\CygwinPackages/ftp%3a%2f%2fmirrors.kernel.org%2fsourceware%2fcygwin%2f/release/fontconfig/libfontconfig1/libfontconfig1-2.6.0-1.tar.bz2
2013/04/16 14:31:34 Installing file://C:\Users\FINEP - 05\Desktop\Cygwin\CygwinPackages/ftp%3a%2f%2fmirrors.kernel.org%2fsourceware%2fcygwin%2f/release/X11/freetype2/libfreetype26/libfreetype26-2.3.8-1.tar.bz2
2013/04/16 14:31:34 Installing file://C:\Users\FINEP - 05\Desktop\Cygwin\CygwinPackages/ftp%3a%2f%2fmirrors.kernel.org%2fsourceware%2fcygwin%2f/release/X11/freetype2/libfreetype6/libfreetype6-2.3.8-1.tar.bz2
2013/04/16 14:31:34 Installing file://C:\Users\FINEP - 05\Desktop\Cygwin\CygwinPackages/ftp%3a%2f%2fmirrors.kernel.org%2fsourceware%2fcygwin%2f/release/gcc4/libgcc1/libgcc1-4.3.2-2.tar.bz2
2013/04/16 14:31:34 Installing file://C:\Users\FINEP - 05\Desktop\Cygwin\CygwinPackages/ftp%3a%2f%2fmirrors.kernel.org%2fsourceware%2fcygwin%2f/release/gdbm/libgdbm4/libgdbm4-1.8.3-9.tar.bz2
2013/04/16 14:31:34 Installing file://C:\Users\FINEP - 05\Desktop\Cygwin\CygwinPackages/ftp%3a%2f%2fmirrors.kernel.org%2fsourceware%2fcygwin%2f/release/X.Org/mesa/libGL1/libGL1-7.2-2.tar.bz2
2013/04/16 14:31:34 Installing file://C:\Users\FINEP - 05\Desktop\Cygwin\CygwinPackages/ftp%3a%2f%2fmirrors.kernel.org%2fsourceware%2fcygwin%2f/release/X11/glitz/libglitz1/libglitz1-0.5.6-1.tar.bz2
2013/04/16 14:31:34 Installing file://C:\Users\FINEP - 05\Desktop\Cygwin\CygwinPackages/ftp%3a%2f%2fmirrors.kernel.org%2fsourceware%2fcygwin%2f/release/gmp/libgmp3/libgmp3-4.2.4-1.tar.bz2
2013/04/16 14:31:34 Installing file://C:\Users\FINEP - 05\Desktop\Cygwin\CygwinPackages/ftp%3a%2f%2fmirrors.kernel.org%2fsourceware%2fcygwin%2f/release/ghostscript/libgs8/libgs8-8.63-2.tar.bz2
2013/04/16 14:31:35 Installing file://C:\Users\FINEP - 05\Desktop\Cygwin\CygwinPackages/ftp%3a%2f%2fmirrors.kernel.org%2fsourceware%2fcygwin%2f/release/guile/libguile12/libguile12-1.6.7-4.tar.bz2
2013/04/16 14:31:35 Installing file://C:\Users\FINEP - 05\Desktop\Cygwin\CygwinPackages/ftp%3a%2f%2fmirrors.kernel.org%2fsourceware%2fcygwin%2f/release/guile/libguile17/libguile17-1.8.2-1.tar.bz2
2013/04/16 14:31:36 Installing file://C:\Users\FINEP - 05\Desktop\Cygwin\CygwinPackages/ftp%3a%2f%2fmirrors.kernel.org%2fsourceware%2fcygwin%2f/release/X.Org/libICE/libICE6/libICE6-1.0.4-2.tar.bz2
2013/04/16 14:31:36 Installing file://C:\Users\FINEP - 05\Desktop\Cygwin\CygwinPackages/ftp%3a%2f%2fmirrors.kernel.org%2fsourceware%2fcygwin%2f/release/libiconv/libiconv2/libiconv2-1.13-1.tar.bz2
2013/04/16 14:31:36 Installing file://C:\Users\FINEP - 05\Desktop\Cygwin\CygwinPackages/ftp%3a%2f%2fmirrors.kernel.org%2fsourceware%2fcygwin%2f/release/gettext/libintl2/libintl2-0.12.1-3.tar.bz2
2013/04/16 14:31:36 Installing file://C:\Users\FINEP - 05\Desktop\Cygwin\CygwinPackages/ftp%3a%2f%2fmirrors.kernel.org%2fsourceware%2fcygwin%2f/release/gettext/libintl3/libintl3-0.14.5-1.tar.bz2
2013/04/16 14:31:36 Installing file://C:\Users\FINEP - 05\Desktop\Cygwin\CygwinPackages/ftp%3a%2f%2fmirrors.kernel.org%2fsourceware%2fcygwin%2f/release/gettext/libintl8/libintl8-0.17-4.tar.bz2
2013/04/16 14:31:36 Installing file://C:\Users\FINEP - 05\Desktop\Cygwin\CygwinPackages/ftp%3a%2f%2fmirrors.kernel.org%2fsourceware%2fcygwin%2f/release/jasper/libjasper1/libjasper1-1.900.1-1.tar.bz2
2013/04/16 14:31:36 Installing file://C:\Users\FINEP - 05\Desktop\Cygwin\CygwinPackages/ftp%3a%2f%2fmirrors.kernel.org%2fsourceware%2fcygwin%2f/release/jpeg/libjpeg62/libjpeg62-6b-13.tar.bz2
2013/04/16 14:31:36 Installing file://C:\Users\FINEP - 05\Desktop\Cygwin\CygwinPackages/ftp%3a%2f%2fmirrors.kernel.org%2fsourceware%2fcygwin%2f/release/tetex/libkpathsea3/libkpathsea3-2.0.2-15.tar.bz2
2013/04/16 14:31:36 Installing file://C:\Users\FINEP - 05\Desktop\Cygwin\CygwinPackages/ftp%3a%2f%2fmirrors.kernel.org%2fsourceware%2fcygwin%2f/release/tetex/libkpathsea4/libkpathsea4-3.0.0-3.tar.bz2
2013/04/16 14:31:36 Installing file://C:\Users\FINEP - 05\Desktop\Cygwin\CygwinPackages/ftp%3a%2f%2fmirrors.kernel.org%2fsourceware%2fcygwin%2f/release/libtool/libltdl3/libltdl3-1.5.27a-1.tar.bz2
2013/04/16 14:31:36 Installing file://C:\Users\FINEP - 05\Desktop\Cygwin\CygwinPackages/ftp%3a%2f%2fmirrors.kernel.org%2fsourceware%2fcygwin%2f/release/xz/liblzma1/liblzma1-4.999.9beta-1.tar.bz2
2013/04/16 14:31:36 Installing file://C:\Users\FINEP - 05\Desktop\Cygwin\CygwinPackages/ftp%3a%2f%2fmirrors.kernel.org%2fsourceware%2fcygwin%2f/release/ncurses/libncurses8/libncurses8-5.5-4.tar.bz2
2013/04/16 14:31:36 Installing file://C:\Users\FINEP - 05\Desktop\Cygwin\CygwinPackages/ftp%3a%2f%2fmirrors.kernel.org%2fsourceware%2fcygwin%2f/release/ncurses/libncurses9/libncurses9-5.7-5.tar.bz2
2013/04/16 14:31:36 Installing file://C:\Users\FINEP - 05\Desktop\Cygwin\CygwinPackages/ftp%3a%2f%2fmirrors.kernel.org%2fsourceware%2fcygwin%2f/release/pcre/libpcre0/libpcre0-7.8-1.tar.bz2
2013/04/16 14:31:37 Installing file://C:\Users\FINEP - 05\Desktop\Cygwin\CygwinPackages/ftp%3a%2f%2fmirrors.kernel.org%2fsourceware%2fcygwin%2f/release/X.Org/pixman/libpixman1_0/libpixman1_0-0.12.0-1.tar.bz2
2013/04/16 14:31:37 Installing file://C:\Users\FINEP - 05\Desktop\Cygwin\CygwinPackages/ftp%3a%2f%2fmirrors.kernel.org%2fsourceware%2fcygwin%2f/release/libpng/libpng12/libpng12-1.2.35-1.tar.bz2
2013/04/16 14:31:37 Installing file://C:\Users\FINEP - 05\Desktop\Cygwin\CygwinPackages/ftp%3a%2f%2fmirrors.kernel.org%2fsourceware%2fcygwin%2f/release/popt/libpopt0/libpopt0-1.6.4-4.tar.bz2
2013/04/16 14:31:37 Installing file://C:\Users\FINEP - 05\Desktop\Cygwin\CygwinPackages/ftp%3a%2f%2fmirrors.kernel.org%2fsourceware%2fcygwin%2f/release/readline/libreadline6/libreadline6-5.2.14-12.tar.bz2
2013/04/16 14:31:37 Installing file://C:\Users\FINEP - 05\Desktop\Cygwin\CygwinPackages/ftp%3a%2f%2fmirrors.kernel.org%2fsourceware%2fcygwin%2f/release/X.Org/libSM/libSM6/libSM6-1.1.0-1.tar.bz2
2013/04/16 14:31:37 Installing file://C:\Users\FINEP - 05\Desktop\Cygwin\CygwinPackages/ftp%3a%2f%2fmirrors.kernel.org%2fsourceware%2fcygwin%2f/release/X.Org/libX11/libX11_6/libX11_6-1.1.5-2.tar.bz2
2013/04/16 14:31:37 Installing file://C:\Users\FINEP - 05\Desktop\Cygwin\CygwinPackages/ftp%3a%2f%2fmirrors.kernel.org%2fsourceware%2fcygwin%2f/release/X.Org/libXau/libXau6/libXau6-1.0.4-1.tar.bz2
2013/04/16 14:31:38 Installing file://C:\Users\FINEP - 05\Desktop\Cygwin\CygwinPackages/ftp%3a%2f%2fmirrors.kernel.org%2fsourceware%2fcygwin%2f/release/X.Org/xcb-util/libxcb-render-util0/libxcb-render-util0-0.3.2-1.tar.bz2
2013/04/16 14:31:38 Installing file://C:\Users\FINEP - 05\Desktop\Cygwin\CygwinPackages/ftp%3a%2f%2fmirrors.kernel.org%2fsourceware%2fcygwin%2f/release/X.Org/libxcb/libxcb-render0/libxcb-render0-1.1-3.tar.bz2
2013/04/16 14:31:38 Installing file://C:\Users\FINEP - 05\Desktop\Cygwin\CygwinPackages/ftp%3a%2f%2fmirrors.kernel.org%2fsourceware%2fcygwin%2f/release/X.Org/libxcb/libxcb-xlib0/libxcb-xlib0-1.1-3.tar.bz2
2013/04/16 14:31:38 Installing file://C:\Users\FINEP - 05\Desktop\Cygwin\CygwinPackages/ftp%3a%2f%2fmirrors.kernel.org%2fsourceware%2fcygwin%2f/release/X.Org/libxcb/libxcb1/libxcb1-1.1-3.tar.bz2
2013/04/16 14:31:38 Installing file://C:\Users\FINEP - 05\Desktop\Cygwin\CygwinPackages/ftp%3a%2f%2fmirrors.kernel.org%2fsourceware%2fcygwin%2f/release/X.Org/libXdmcp/libXdmcp6/libXdmcp6-1.0.2-3.tar.bz2
2013/04/16 14:31:38 Installing file://C:\Users\FINEP - 05\Desktop\Cygwin\CygwinPackages/ftp%3a%2f%2fmirrors.kernel.org%2fsourceware%2fcygwin%2f/release/X.Org/libXext/libXext6/libXext6-1.0.4-1.tar.bz2
2013/04/16 14:31:38 Installing file://C:\Users\FINEP - 05\Desktop\Cygwin\CygwinPackages/ftp%3a%2f%2fmirrors.kernel.org%2fsourceware%2fcygwin%2f/release/libxml2/libxml2-2.7.3-1.tar.bz2
2013/04/16 14:31:38 Installing file://C:\Users\FINEP - 05\Desktop\Cygwin\CygwinPackages/ftp%3a%2f%2fmirrors.kernel.org%2fsourceware%2fcygwin%2f/release/X.Org/libXrender/libXrender1/libXrender1-0.9.4-2.tar.bz2
2013/04/16 14:31:39 Installing file://C:\Users\FINEP - 05\Desktop\Cygwin\CygwinPackages/ftp%3a%2f%2fmirrors.kernel.org%2fsourceware%2fcygwin%2f/release/X.Org/libXt/libXt6/libXt6-1.0.5-2.tar.bz2
2013/04/16 14:31:39 Installing file://C:\Users\FINEP - 05\Desktop\Cygwin\CygwinPackages/ftp%3a%2f%2fmirrors.kernel.org%2fsourceware%2fcygwin%2f/release/login/login-1.10-1.tar.bz2
2013/04/16 14:31:39 Installing file://C:\Users\FINEP - 05\Desktop\Cygwin\CygwinPackages/ftp%3a%2f%2fmirrors.kernel.org%2fsourceware%2fcygwin%2f/release/m4/m4-1.4.10b-2.tar.bz2
2013/04/16 14:31:39 Installing file://C:\Users\FINEP - 05\Desktop\Cygwin\CygwinPackages/ftp%3a%2f%2fmirrors.kernel.org%2fsourceware%2fcygwin%2f/release/make/make-3.81-2.tar.bz2
2013/04/16 14:31:40 Installing file://C:\Users\FINEP - 05\Desktop\Cygwin\CygwinPackages/ftp%3a%2f%2fmirrors.kernel.org%2fsourceware%2fcygwin%2f/release/man/man-1.6e-1.tar.bz2
2013/04/16 14:31:40 Installing file://C:\Users\FINEP - 05\Desktop\Cygwin\CygwinPackages/ftp%3a%2f%2fmirrors.kernel.org%2fsourceware%2fcygwin%2f/release/mingw-runtime/mingw-runtime-3.16-1.tar.bz2
2013/04/16 14:31:41 Installing file://C:\Users\FINEP - 05\Desktop\Cygwin\CygwinPackages/ftp%3a%2f%2fmirrors.kernel.org%2fsourceware%2fcygwin%2f/release/patch/patch-2.5.8-9.tar.bz2
2013/04/16 14:31:41 Installing file://C:\Users\FINEP - 05\Desktop\Cygwin\CygwinPackages/http%3a%2f%2fmirrors.uol.com.br%2fpub%2fcygwin%2f/release/patchutils/patchutils-0.2.31-2.tar.bz2
2013/04/16 14:31:41 Installing file://C:\Users\FINEP - 05\Desktop\Cygwin\CygwinPackages/http%3a%2f%2fmirrors.uol.com.br%2fpub%2fcygwin%2f/release/pcre/pcre-7.7-2.tar.bz2
2013/04/16 14:31:41 Installing file://C:\Users\FINEP - 05\Desktop\Cygwin\CygwinPackages/ftp%3a%2f%2fmirrors.kernel.org%2fsourceware%2fcygwin%2f/release/perl/perl-5.10.0-5.tar.bz2
2013/04/16 14:31:59 Installing file://C:\Users\FINEP - 05\Desktop\Cygwin\CygwinPackages/ftp%3a%2f%2fmirrors.kernel.org%2fsourceware%2fcygwin%2f/release/rebase/rebase-3.0-2.tar.bz2
2013/04/16 14:32:00 Installing file://C:\Users\FINEP - 05\Desktop\Cygwin\CygwinPackages/ftp%3a%2f%2fmirrors.kernel.org%2fsourceware%2fcygwin%2f/release/run/run-1.1.12-1.tar.bz2
2013/04/16 14:32:00 Installing file://C:\Users\FINEP - 05\Desktop\Cygwin\CygwinPackages/ftp%3a%2f%2fmirrors.kernel.org%2fsourceware%2fcygwin%2f/release/sed/sed-4.1.5-2.tar.bz2
2013/04/16 14:32:00 Installing file://C:\Users\FINEP - 05\Desktop\Cygwin\CygwinPackages/ftp%3a%2f%2fmirrors.kernel.org%2fsourceware%2fcygwin%2f/release/tar/tar-1.21-1.tar.bz2
2013/04/16 14:32:01 Installing file://C:\Users\FINEP - 05\Desktop\Cygwin\CygwinPackages/http%3a%2f%2fmirrors.uol.com.br%2fpub%2fcygwin%2f/release/tcltk/tcltk-20080420-1.tar.bz2
2013/04/16 14:32:04 Installing file://C:\Users\FINEP - 05\Desktop\Cygwin\CygwinPackages/ftp%3a%2f%2fmirrors.kernel.org%2fsourceware%2fcygwin%2f/release/termcap/termcap-20050421-1.tar.bz2
2013/04/16 14:32:04 Installing file://C:\Users\FINEP - 05\Desktop\Cygwin\CygwinPackages/ftp%3a%2f%2fmirrors.kernel.org%2fsourceware%2fcygwin%2f/release/terminfo/terminfo-5.7_20090228-1.tar.bz2
2013/04/16 14:32:05 Installing file://C:\Users\FINEP - 05\Desktop\Cygwin\CygwinPackages/ftp%3a%2f%2fmirrors.kernel.org%2fsourceware%2fcygwin%2f/release/terminfo/terminfo0/terminfo0-5.5_20061104-2.tar.bz2
2013/04/16 14:32:06 Installing file://C:\Users\FINEP - 05\Desktop\Cygwin\CygwinPackages/ftp%3a%2f%2fmirrors.kernel.org%2fsourceware%2fcygwin%2f/release/tetex/tetex-devel/tetex-devel-3.0.0-3.tar.bz2
2013/04/16 14:32:07 Installing file://C:\Users\FINEP - 05\Desktop\Cygwin\CygwinPackages/ftp%3a%2f%2fmirrors.kernel.org%2fsourceware%2fcygwin%2f/release/texinfo/texinfo-4.13-3.tar.bz2
2013/04/16 14:32:08 Installing file://C:\Users\FINEP - 05\Desktop\Cygwin\CygwinPackages/ftp%3a%2f%2fmirrors.kernel.org%2fsourceware%2fcygwin%2f/release/tzcode/tzcode-2009k-1.tar.bz2
2013/04/16 14:32:13 Installing file://C:\Users\FINEP - 05\Desktop\Cygwin\CygwinPackages/http%3a%2f%2fmirrors.uol.com.br%2fpub%2fcygwin%2f/release/util-linux/util-linux-2.13.1-2.tar.bz2
2013/04/16 14:32:15 Installing file://C:\Users\FINEP - 05\Desktop\Cygwin\CygwinPackages/ftp%3a%2f%2fmirrors.kernel.org%2fsourceware%2fcygwin%2f/release/w32api/w32api-3.13-1.tar.bz2
2013/04/16 14:32:21 Installing file://C:\Users\FINEP - 05\Desktop\Cygwin\CygwinPackages/ftp%3a%2f%2fmirrors.kernel.org%2fsourceware%2fcygwin%2f/release/which/which-2.20-1.tar.bz2
2013/04/16 14:32:21 Installing file://C:\Users\FINEP - 05\Desktop\Cygwin\CygwinPackages/ftp%3a%2f%2fmirrors.kernel.org%2fsourceware%2fcygwin%2f/release/xz/xz-4.999.9beta-1.tar.bz2
2013/04/16 14:32:21 Installing file://C:\Users\FINEP - 05\Desktop\Cygwin\CygwinPackages/ftp%3a%2f%2fmirrors.kernel.org%2fsourceware%2fcygwin%2f/release/zlib/zlib-1.2.3-3.tar.bz2
2013/04/16 14:32:21 Installing file://C:\Users\FINEP - 05\Desktop\Cygwin\CygwinPackages/ftp%3a%2f%2fmirrors.kernel.org%2fsourceware%2fcygwin%2f/release/zlib/zlib-devel/zlib-devel-1.2.3-3.tar.bz2
2013/04/16 14:32:21 Installing file://C:\Users\FINEP - 05\Desktop\Cygwin\CygwinPackages/ftp%3a%2f%2fmirrors.kernel.org%2fsourceware%2fcygwin%2f/release/zlib/zlib0/zlib0-1.2.3-3.tar.bz2
2013/04/16 14:32:21 Installing file://C:\Users\FINEP - 05\Desktop\Cygwin\CygwinPackages/ftp%3a%2f%2fmirrors.kernel.org%2fsourceware%2fcygwin%2f/release/_update-info-dir/_update-info-dir-00833-1.tar.bz2
2013/04/16 14:32:21 Visited: 186 nodes out of 234.
2013/04/16 14:32:21 Dependency ordered install:
2013/04/16 14:32:21 aalib-devel
2013/04/16 14:32:21 terminfo0
2013/04/16 14:32:21 libncurses8
2013/04/16 14:32:21 libintl3
2013/04/16 14:32:21 texinfo
2013/04/16 14:32:21 _update-info-dir
2013/04/16 14:32:21 gawk
2013/04/16 14:32:21 tzcode
2013/04/16 14:32:21 libiconv2
2013/04/16 14:32:21 crypt
2013/04/16 14:32:21 coreutils
2013/04/16 14:32:21 terminfo
2013/04/16 14:32:21 libncurses9
2013/04/16 14:32:21 libreadline6
2013/04/16 14:32:21 bash
2013/04/16 14:32:21 base-passwd
2013/04/16 14:32:21 cygwin
2013/04/16 14:32:21 libintl8
2013/04/16 14:32:21 alternatives
2013/04/16 14:32:21 arpack
2013/04/16 14:32:21 asciidoc
2013/04/16 14:32:21 ash
2013/04/16 14:32:21 astyle
2013/04/16 14:32:21 atk1.0
2013/04/16 14:32:21 autobuild
2013/04/16 14:32:21 m4
2013/04/16 14:32:21 libgdbm4
2013/04/16 14:32:21 libdb4.5
2013/04/16 14:32:21 libexpat1
2013/04/16 14:32:21 libexpat1-devel
2013/04/16 14:32:21 expat
2013/04/16 14:32:21 libbz2_1
2013/04/16 14:32:21 perl
2013/04/16 14:32:21 autoconf2.1
2013/04/16 14:32:21 autoconf2.5
2013/04/16 14:32:21 autoconf
2013/04/16 14:32:21 automake1.4
2013/04/16 14:32:21 automake1.5
2013/04/16 14:32:21 automake1.6
2013/04/16 14:32:21 automake1.7
2013/04/16 14:32:21 automake1.8
2013/04/16 14:32:21 automake1.9
2013/04/16 14:32:21 liblzma1
2013/04/16 14:32:21 libintl2
2013/04/16 14:32:21 diffutils
2013/04/16 14:32:21 gettext
2013/04/16 14:32:21 libpcre0
2013/04/16 14:32:21 grep
2013/04/16 14:32:21 termcap
2013/04/16 14:32:21 less
2013/04/16 14:32:21 xz
2013/04/16 14:32:21 automake1.10
2013/04/16 14:32:21 automake1.11
2013/04/16 14:32:21 automake
2013/04/16 14:32:21 base-cygwin
2013/04/16 14:32:21 findutils
2013/04/16 14:32:21 sed
2013/04/16 14:32:21 base-files
2013/04/16 14:32:21 bash-completion
2013/04/16 14:32:21 e2fsprogs
2013/04/16 14:32:21 zlib0
2013/04/16 14:32:21 zlib-devel
2013/04/16 14:32:21 zlib
2013/04/16 14:32:21 util-linux
2013/04/16 14:32:21 bashdb
2013/04/16 14:32:21 bc
2013/04/16 14:32:21 binutils
2013/04/16 14:32:21 boost
2013/04/16 14:32:21 bzip2
2013/04/16 14:32:21 gzip
2013/04/16 14:32:21 tar
2013/04/16 14:32:21 cpio
2013/04/16 14:32:21 libpopt0
2013/04/16 14:32:21 cygutils
2013/04/16 14:32:21 groff
2013/04/16 14:32:21 man
2013/04/16 14:32:21 cygwin-doc
2013/04/16 14:32:21 dash
2013/04/16 14:32:21 tcltk
2013/04/16 14:32:21 expect
2013/04/16 14:32:21 dejagnu
2013/04/16 14:32:21 diffstat
2013/04/16 14:32:21 dos2unix
2013/04/16 14:32:21 ed
2013/04/16 14:32:21 editrights
2013/04/16 14:32:21 ELFIO
2013/04/16 14:32:21 file
2013/04/16 14:32:21 flex
2013/04/16 14:32:21 libfreetype6
2013/04/16 14:32:21 libfreetype26
2013/04/16 14:32:21 libfontconfig1
2013/04/16 14:32:21 fontconfig
2013/04/16 14:32:21 freetype2
2013/04/16 14:32:21 w32api
2013/04/16 14:32:21 mingw-runtime
2013/04/16 14:32:21 gcc-mingw-core
2013/04/16 14:32:21 gcc-core
2013/04/16 14:32:21 gcc-mingw-g++
2013/04/16 14:32:21 gcc-g++
2013/04/16 14:32:21 gcc
2013/04/16 14:32:21 gcc-mingw
2013/04/16 14:32:21 gcc-testsuite
2013/04/16 14:32:21 libXau6
2013/04/16 14:32:21 libXdmcp6
2013/04/16 14:32:21 libxcb1
2013/04/16 14:32:21 libxcb-xlib0
2013/04/16 14:32:21 libX11_6
2013/04/16 14:32:21 libICE6
2013/04/16 14:32:21 libSM6
2013/04/16 14:32:21 libXt6
2013/04/16 14:32:21 libXext6
2013/04/16 14:32:21 libGL1
2013/04/16 14:32:21 libglitz1
2013/04/16 14:32:21 libpixman1_0
2013/04/16 14:32:21 libpng12
2013/04/16 14:32:21 libxcb-render0
2013/04/16 14:32:21 libxcb-render-util0
2013/04/16 14:32:21 libXrender1
2013/04/16 14:32:21 libcairo2
2013/04/16 14:32:21 libjpeg62
2013/04/16 14:32:21 libjasper1
2013/04/16 14:32:21 libgs8
2013/04/16 14:32:21 ghostscript-fonts-other
2013/04/16 14:32:21 ghostscript-fonts-std
2013/04/16 14:32:21 which
2013/04/16 14:32:21 ghostscript
2013/04/16 14:32:21 libgmp3
2013/04/16 14:32:21 gmp
2013/04/16 14:32:21 libguile12
2013/04/16 14:32:21 libltdl3
2013/04/16 14:32:21 libguile17
2013/04/16 14:32:21 guile
2013/04/16 14:32:21 guile-devel
2013/04/16 14:32:21 guile-doc
2013/04/16 14:32:21 ipc-utils
2013/04/16 14:32:21 libart_lgpl_2
2013/04/16 14:32:21 libattr1
2013/04/16 14:32:21 libfontenc
2013/04/16 14:32:21 libgcc1
2013/04/16 14:32:21 libICE
2013/04/16 14:32:21 libkpathsea3
2013/04/16 14:32:21 libkpathsea4
2013/04/16 14:32:21 libncurses10
2013/04/16 14:32:21 libncursesw10
2013/04/16 14:32:21 libSM
2013/04/16 14:32:21 libWindowsWM
2013/04/16 14:32:21 libX11
2013/04/16 14:32:21 libXau
2013/04/16 14:32:21 libXaw
2013/04/16 14:32:21 libxcb
2013/04/16 14:32:21 libXcomposite
2013/04/16 14:32:21 libXcursor
2013/04/16 14:32:21 libXdamage
2013/04/16 14:32:21 libXdmcp
2013/04/16 14:32:21 libXevie
2013/04/16 14:32:21 libXext
2013/04/16 14:32:21 libXfixes
2013/04/16 14:32:21 libXfont
2013/04/16 14:32:21 libXft
2013/04/16 14:32:21 libXi
2013/04/16 14:32:21 libXinerama
2013/04/16 14:32:21 libxkbfile
2013/04/16 14:32:21 libxml2
2013/04/16 14:32:21 libXmu
2013/04/16 14:32:21 libXpm
2013/04/16 14:32:21 libXrandr
2013/04/16 14:32:21 libXrender
2013/04/16 14:32:21 libXres
2013/04/16 14:32:21 libXScrnSaver
2013/04/16 14:32:21 libXt
2013/04/16 14:32:21 libXtst
2013/04/16 14:32:21 login
2013/04/16 14:32:21 make
2013/04/16 14:32:21 patch
2013/04/16 14:32:21 patchutils
2013/04/16 14:32:21 pcre
2013/04/16 14:32:21 pixman
2013/04/16 14:32:21 rebase
2013/04/16 14:32:21 run
2013/04/16 14:32:21 serf
2013/04/16 14:32:21 SWI-Prolog
2013/04/16 14:32:21 tetex-devel
2013/04/16 14:32:21 Xaw3d
2013/04/16 14:32:21 xcb-util
2013/04/16 14:32:21 XmHTML-devel
2013/04/16 14:32:21 _autorebase
2013/04/16 14:32:21 running: C:\cygwin\bin\bash.exe -c /etc/postinstall/terminfo0.sh
2013/04/16 14:32:50 running: C:\cygwin\bin\bash.exe -c /etc/postinstall/update-info-dir.sh
2013/04/16 14:33:13 running: C:\cygwin\bin\bash.exe -c /etc/postinstall/coreutils.sh
2013/04/16 14:33:15 running: C:\cygwin\bin\bash.exe -c /etc/postinstall/terminfo.sh
2013/04/16 14:33:40 running: C:\cygwin\bin\bash.exe -c /etc/postinstall/bash.sh
2013/04/16 14:33:48 running: C:\cygwin\bin\bash.exe -c /etc/postinstall/passwd-grp.sh
2013/04/16 14:33:58 running: C:\cygwin\bin\bash.exe -c /etc/postinstall/m4.sh
2013/04/16 14:34:05 running: C:\cygwin\bin\bash.exe -c /etc/postinstall/autoconf2.1.sh
2013/04/16 14:34:10 running: C:\cygwin\bin\bash.exe -c /etc/postinstall/autoconf2.5.sh
2013/04/16 14:34:16 abnormal exit: exit code=1
2013/04/16 14:34:16 running: C:\cygwin\bin\bash.exe -c /etc/postinstall/autoconf.sh
2013/04/16 14:34:20 running: C:\cygwin\bin\bash.exe -c /etc/postinstall/automake1.4.sh
2013/04/16 14:34:21 running: C:\cygwin\bin\bash.exe -c /etc/postinstall/automake1.5.sh
2013/04/16 14:34:24 running: C:\cygwin\bin\bash.exe -c /etc/postinstall/automake1.6.sh
2013/04/16 14:34:30 running: C:\cygwin\bin\bash.exe -c /etc/postinstall/automake1.7.sh
2013/04/16 14:34:36 running: C:\cygwin\bin\bash.exe -c /etc/postinstall/automake1.8.sh
2013/04/16 14:34:37 running: C:\cygwin\bin\bash.exe -c /etc/postinstall/automake1.9.sh
2013/04/16 14:34:38 running: C:\cygwin\bin\bash.exe -c /etc/postinstall/automake1.10.sh
2013/04/16 14:34:38 running: C:\cygwin\bin\bash.exe -c /etc/postinstall/automake1.11.sh
2013/04/16 14:34:39 running: C:\cygwin\bin\bash.exe -c /etc/postinstall/automake.sh
2013/04/16 14:34:40 running: C:\cygwin\bin\bash.exe -c /etc/postinstall/base-files-mketc.sh
2013/04/16 14:34:42 running: C:\cygwin\bin\bash.exe -c /etc/postinstall/base-files-profile.sh
2013/04/16 14:34:45 running: C:\cygwin\bin\bash.exe -c /etc/postinstall/util-linux.sh
2013/04/16 14:34:46 running: C:\cygwin\bin\bash.exe -c /etc/postinstall/man.sh
2013/04/16 14:35:07 note: Installation Complete
2013/04/16 14:35:07 Ending cygwin install
